2022-04-29 19:45:41.605  INFO 952 --- [restartedMain] com.example.mail.MailApplication         : Starting MailApplication using Java 1.8.0_201 on LAPTOP-R2KOJR5Q with PID 952 (D:\USERPROG\JavaEE\folder\rbac\rbac-mail\target\classes started by Lenovo in D:\USERPROG\JavaEE\folder\rbac)
2022-04-29 19:45:41.605  INFO 952 --- [restartedMain] com.example.mail.MailApplication         : No active profile set, falling back to default profiles: default
2022-04-29 19:45:41.652  INFO 952 --- [restartedMain] .e.DevToolsPropertyDefaultsPostProcessor : Devtools property defaults active! Set 'spring.devtools.add-properties' to 'false' to disable
2022-04-29 19:45:41.652  INFO 952 --- [restartedMain] .e.DevToolsPropertyDefaultsPostProcessor : For additional web related logging consider setting the 'logging.level.web' property to 'DEBUG'
2022-04-29 19:45:42.617  INFO 952 --- [restartedMain] .s.d.r.c.RepositoryConfigurationDelegate : Multiple Spring Data modules found, entering strict repository configuration mode!
2022-04-29 19:45:42.617  INFO 952 --- [restartedMain] .s.d.r.c.RepositoryConfigurationDelegate : Bootstrapping Spring Data Redis repositories in DEFAULT mode.
2022-04-29 19:45:42.633  INFO 952 --- [restartedMain] .s.d.r.c.RepositoryConfigurationDelegate : Finished Spring Data repository scanning in 4 ms. Found 0 Redis repository interfaces.
2022-04-29 19:45:43.151  INFO 952 --- [restartedMain] o.s.b.w.embedded.tomcat.TomcatWebServer  : Tomcat initialized with port(s): 8082 (http)
2022-04-29 19:45:43.151  INFO 952 --- [restartedMain] o.apache.catalina.core.StandardService   : Starting service [Tomcat]
2022-04-29 19:45:43.151  INFO 952 --- [restartedMain] org.apache.catalina.core.StandardEngine  : Starting Servlet engine: [Apache Tomcat/9.0.48]
2022-04-29 19:45:43.151  INFO 952 --- [restartedMain] o.a.catalina.core.AprLifecycleListener   : An older version [1.2.23] of the Apache Tomcat Native library is installed, while Tomcat recommends a minimum version of [1.2.30]
2022-04-29 19:45:43.151  INFO 952 --- [restartedMain] o.a.catalina.core.AprLifecycleListener   : Loaded Apache Tomcat Native library [1.2.23] using APR version [1.7.0].
2022-04-29 19:45:43.151  INFO 952 --- [restartedMain] o.a.catalina.core.AprLifecycleListener   : APR capabilities: IPv6 [true], sendfile [true], accept filters [false], random [true], UDS [false].
2022-04-29 19:45:43.151  INFO 952 --- [restartedMain] o.a.catalina.core.AprLifecycleListener   : APR/OpenSSL configuration: useAprConnector [false], useOpenSSL [true]
2022-04-29 19:45:43.151  INFO 952 --- [restartedMain] o.a.catalina.core.AprLifecycleListener   : OpenSSL successfully initialized [OpenSSL 1.1.1c  28 May 2019]
2022-04-29 19:45:43.264  INFO 952 --- [restartedMain] o.a.c.c.C.[Tomcat].[localhost].[/]       : Initializing Spring embedded WebApplicationContext
2022-04-29 19:45:43.264  INFO 952 --- [restartedMain] w.s.c.ServletWebServerApplicationContext : Root WebApplicationContext: initialization completed in 1612 ms
2022-04-29 19:45:44.484  INFO 952 --- [restartedMain] .s.s.UserDetailsServiceAutoConfiguration : 

Using generated security password: c84d2255-877c-436f-91e2-2a3fafda7d44

2022-04-29 19:45:44.613  INFO 952 --- [restartedMain] o.s.s.web.DefaultSecurityFilterChain     : Will secure any request with [org.springframework.security.web.context.request.async.WebAsyncManagerIntegrationFilter@79de8c5c, org.springframework.security.web.context.SecurityContextPersistenceFilter@31d47e4b, org.springframework.security.web.header.HeaderWriterFilter@729bda02, org.springframework.security.web.csrf.CsrfFilter@153940c4, org.springframework.security.web.authentication.logout.LogoutFilter@63a7aa01, org.springframework.security.web.authentication.UsernamePasswordAuthenticationFilter@970ddfa, org.springframework.security.web.authentication.ui.DefaultLoginPageGeneratingFilter@5f8bbbe8, org.springframework.security.web.authentication.ui.DefaultLogoutPageGeneratingFilter@6dcbcabb, org.springframework.security.web.authentication.www.BasicAuthenticationFilter@2b8ec26d, org.springframework.security.web.savedrequest.RequestCacheAwareFilter@204c1463, org.springframework.security.web.servletapi.SecurityContextHolderAwareRequestFilter@73cbaaef, org.springframework.security.web.authentication.AnonymousAuthenticationFilter@308bf0c5, org.springframework.security.web.session.SessionManagementFilter@3c0d5a2d, org.springframework.security.web.access.ExceptionTranslationFilter@2510c0c0, org.springframework.security.web.access.intercept.FilterSecurityInterceptor@cd4b6d]
2022-04-29 19:45:44.681  WARN 952 --- [restartedMain] o.s.b.d.a.OptionalLiveReloadServer       : Unable to start LiveReload server
2022-04-29 19:45:44.811  INFO 952 --- [restartedMain] o.s.b.w.embedded.tomcat.TomcatWebServer  : Tomcat started on port(s): 8082 (http) with context path ''
2022-04-29 19:45:44.811  INFO 952 --- [restartedMain] o.s.a.r.c.CachingConnectionFactory       : Attempting to connect to: [47.100.78.245:5672]
2022-04-29 19:45:45.217  INFO 952 --- [restartedMain] o.s.a.r.c.CachingConnectionFactory       : Created new connection: rabbitConnectionFactory#543127a7:0/SimpleConnection@4baa0b2 [delegate=amqp://admin@47.100.78.245:5672/, localPort= 50334]
2022-04-29 19:45:45.533  INFO 952 --- [restartedMain] com.example.mail.MailApplication         : Started MailApplication in 4.547 seconds (JVM running for 6.229)
2022-04-29 20:04:59.434  INFO 952 --- [org.springframework.amqp.rabbit.RabbitListenerEndpointContainer#0-1] com.example.mail.MailReceiver            : 邮件发送成功
2022-04-29 20:28:55.801  INFO 952 --- [Thread-2] o.s.a.r.l.SimpleMessageListenerContainer : Waiting for workers to finish.
2022-04-29 20:28:56.390  INFO 952 --- [Thread-2] o.s.a.r.l.SimpleMessageListenerContainer : Successfully waited for workers to finish.
2022-04-29 20:28:57.195  INFO 952 --- [restartedMain] com.example.mail.MailApplication         : Starting MailApplication using Java 1.8.0_201 on LAPTOP-R2KOJR5Q with PID 952 (D:\USERPROG\JavaEE\folder\rbac\rbac-mail\target\classes started by Lenovo in D:\USERPROG\JavaEE\folder\rbac)
2022-04-29 20:28:57.195  INFO 952 --- [restartedMain] com.example.mail.MailApplication         : No active profile set, falling back to default profiles: default
2022-04-29 20:28:57.398  INFO 952 --- [restartedMain] .s.d.r.c.RepositoryConfigurationDelegate : Multiple Spring Data modules found, entering strict repository configuration mode!
2022-04-29 20:28:57.398  INFO 952 --- [restartedMain] .s.d.r.c.RepositoryConfigurationDelegate : Bootstrapping Spring Data Redis repositories in DEFAULT mode.
2022-04-29 20:28:57.398  INFO 952 --- [restartedMain] .s.d.r.c.RepositoryConfigurationDelegate : Finished Spring Data repository scanning in 1 ms. Found 0 Redis repository interfaces.
2022-04-29 20:28:57.586  INFO 952 --- [restartedMain] o.s.b.w.embedded.tomcat.TomcatWebServer  : Tomcat initialized with port(s): 8082 (http)
2022-04-29 20:28:57.601  INFO 952 --- [restartedMain] o.apache.catalina.core.StandardService   : Starting service [Tomcat]
2022-04-29 20:28:57.601  INFO 952 --- [restartedMain] org.apache.catalina.core.StandardEngine  : Starting Servlet engine: [Apache Tomcat/9.0.48]
2022-04-29 20:28:57.601  INFO 952 --- [restartedMain] o.a.catalina.core.AprLifecycleListener   : An older version [1.2.23] of the Apache Tomcat Native library is installed, while Tomcat recommends a minimum version of [1.2.30]
2022-04-29 20:28:57.601  INFO 952 --- [restartedMain] o.a.catalina.core.AprLifecycleListener   : Loaded Apache Tomcat Native library [1.2.23] using APR version [1.7.0].
2022-04-29 20:28:57.601  INFO 952 --- [restartedMain] o.a.catalina.core.AprLifecycleListener   : APR capabilities: IPv6 [true], sendfile [true], accept filters [false], random [true], UDS [false].
2022-04-29 20:28:57.601  INFO 952 --- [restartedMain] o.a.catalina.core.AprLifecycleListener   : APR/OpenSSL configuration: useAprConnector [false], useOpenSSL [true]
2022-04-29 20:28:57.601  INFO 952 --- [restartedMain] o.a.catalina.core.AprLifecycleListener   : OpenSSL successfully initialized [OpenSSL 1.1.1c  28 May 2019]
2022-04-29 20:28:57.664  INFO 952 --- [restartedMain] o.a.c.c.C.[Tomcat].[localhost].[/]       : Initializing Spring embedded WebApplicationContext
2022-04-29 20:28:57.664  INFO 952 --- [restartedMain] w.s.c.ServletWebServerApplicationContext : Root WebApplicationContext: initialization completed in 469 ms
2022-04-29 20:28:57.792  INFO 952 --- [restartedMain] .s.s.UserDetailsServiceAutoConfiguration : 

Using generated security password: f3544d12-cef7-44a0-800c-2087363158c1

2022-04-29 20:28:57.808  INFO 952 --- [restartedMain] o.s.s.web.DefaultSecurityFilterChain     : Will secure any request with [org.springframework.security.web.context.request.async.WebAsyncManagerIntegrationFilter@6a8628f5, org.springframework.security.web.context.SecurityContextPersistenceFilter@49136751, org.springframework.security.web.header.HeaderWriterFilter@7c23f63f, org.springframework.security.web.csrf.CsrfFilter@18ffd2f9, org.springframework.security.web.authentication.logout.LogoutFilter@40199a, org.springframework.security.web.authentication.UsernamePasswordAuthenticationFilter@821f517, org.springframework.security.web.authentication.ui.DefaultLoginPageGeneratingFilter@60a5661d, org.springframework.security.web.authentication.ui.DefaultLogoutPageGeneratingFilter@7dad2673, org.springframework.security.web.authentication.www.BasicAuthenticationFilter@467705c2, org.springframework.security.web.savedrequest.RequestCacheAwareFilter@7692d2f5, org.springframework.security.web.servletapi.SecurityContextHolderAwareRequestFilter@15634016, org.springframework.security.web.authentication.AnonymousAuthenticationFilter@7a23fd9c, org.springframework.security.web.session.SessionManagementFilter@2f1d0051, org.springframework.security.web.access.ExceptionTranslationFilter@4eae3214, org.springframework.security.web.access.intercept.FilterSecurityInterceptor@2807f769]
2022-04-29 20:28:57.823  WARN 952 --- [restartedMain] o.s.b.d.a.OptionalLiveReloadServer       : Unable to start LiveReload server
2022-04-29 20:28:57.839  INFO 952 --- [restartedMain] o.s.b.w.embedded.tomcat.TomcatWebServer  : Tomcat started on port(s): 8082 (http) with context path ''
2022-04-29 20:28:57.839  INFO 952 --- [restartedMain] o.s.a.r.c.CachingConnectionFactory       : Attempting to connect to: [47.100.78.245:5672]
2022-04-29 20:28:58.079  INFO 952 --- [restartedMain] o.s.a.r.c.CachingConnectionFactory       : Created new connection: rabbitConnectionFactory#5fb075fb:0/SimpleConnection@3ea85c09 [delegate=amqp://admin@47.100.78.245:5672/, localPort= 52485]
2022-04-29 20:28:58.294  INFO 952 --- [restartedMain] com.example.mail.MailApplication         : Started MailApplication in 1.14 seconds (JVM running for 2598.993)
2022-04-29 20:28:58.294  INFO 952 --- [restartedMain] .ConditionEvaluationDeltaLoggingListener : Condition evaluation unchanged
2022-04-29 20:28:59.379  INFO 952 --- [Thread-19] o.s.a.r.l.SimpleMessageListenerContainer : Waiting for workers to finish.
2022-04-29 20:29:00.369  INFO 952 --- [Thread-19] o.s.a.r.l.SimpleMessageListenerContainer : Successfully waited for workers to finish.
2022-04-29 20:29:00.870  INFO 952 --- [restartedMain] com.example.mail.MailApplication         : Starting MailApplication using Java 1.8.0_201 on LAPTOP-R2KOJR5Q with PID 952 (D:\USERPROG\JavaEE\folder\rbac\rbac-mail\target\classes started by Lenovo in D:\USERPROG\JavaEE\folder\rbac)
2022-04-29 20:29:00.870  INFO 952 --- [restartedMain] com.example.mail.MailApplication         : No active profile set, falling back to default profiles: default
2022-04-29 20:29:00.999  INFO 952 --- [restartedMain] .s.d.r.c.RepositoryConfigurationDelegate : Multiple Spring Data modules found, entering strict repository configuration mode!
2022-04-29 20:29:01.015  INFO 952 --- [restartedMain] .s.d.r.c.RepositoryConfigurationDelegate : Bootstrapping Spring Data Redis repositories in DEFAULT mode.
2022-04-29 20:29:01.015  INFO 952 --- [restartedMain] .s.d.r.c.RepositoryConfigurationDelegate : Finished Spring Data repository scanning in 1 ms. Found 0 Redis repository interfaces.
2022-04-29 20:29:01.062  INFO 952 --- [restartedMain] o.s.b.w.embedded.tomcat.TomcatWebServer  : Tomcat initialized with port(s): 8082 (http)
2022-04-29 20:29:01.062  INFO 952 --- [restartedMain] o.apache.catalina.core.StandardService   : Starting service [Tomcat]
2022-04-29 20:29:01.062  INFO 952 --- [restartedMain] org.apache.catalina.core.StandardEngine  : Starting Servlet engine: [Apache Tomcat/9.0.48]
2022-04-29 20:29:01.062  INFO 952 --- [restartedMain] o.a.catalina.core.AprLifecycleListener   : An older version [1.2.23] of the Apache Tomcat Native library is installed, while Tomcat recommends a minimum version of [1.2.30]
2022-04-29 20:29:01.062  INFO 952 --- [restartedMain] o.a.catalina.core.AprLifecycleListener   : Loaded Apache Tomcat Native library [1.2.23] using APR version [1.7.0].
2022-04-29 20:29:01.062  INFO 952 --- [restartedMain] o.a.catalina.core.AprLifecycleListener   : APR capabilities: IPv6 [true], sendfile [true], accept filters [false], random [true], UDS [false].
2022-04-29 20:29:01.062  INFO 952 --- [restartedMain] o.a.catalina.core.AprLifecycleListener   : APR/OpenSSL configuration: useAprConnector [false], useOpenSSL [true]
2022-04-29 20:29:01.062  INFO 952 --- [restartedMain] o.a.catalina.core.AprLifecycleListener   : OpenSSL successfully initialized [OpenSSL 1.1.1c  28 May 2019]
2022-04-29 20:29:01.219  INFO 952 --- [restartedMain] o.a.c.c.C.[Tomcat].[localhost].[/]       : Initializing Spring embedded WebApplicationContext
2022-04-29 20:29:01.219  INFO 952 --- [restartedMain] w.s.c.ServletWebServerApplicationContext : Root WebApplicationContext: initialization completed in 349 ms
2022-04-29 20:29:01.311  INFO 952 --- [restartedMain] .s.s.UserDetailsServiceAutoConfiguration : 

Using generated security password: 16e060be-5cf8-4846-84ff-643e16a465f3

2022-04-29 20:29:01.311  INFO 952 --- [restartedMain] o.s.s.web.DefaultSecurityFilterChain     : Will secure any request with [org.springframework.security.web.context.request.async.WebAsyncManagerIntegrationFilter@5d7bc7b6, org.springframework.security.web.context.SecurityContextPersistenceFilter@61a13be5, org.springframework.security.web.header.HeaderWriterFilter@1b736039, org.springframework.security.web.csrf.CsrfFilter@a0f0568, org.springframework.security.web.authentication.logout.LogoutFilter@339e8df7, org.springframework.security.web.authentication.UsernamePasswordAuthenticationFilter@2ca3b965, org.springframework.security.web.authentication.ui.DefaultLoginPageGeneratingFilter@4edbd046, org.springframework.security.web.authentication.ui.DefaultLogoutPageGeneratingFilter@56006f56, org.springframework.security.web.authentication.www.BasicAuthenticationFilter@ba73949, org.springframework.security.web.savedrequest.RequestCacheAwareFilter@72e1eb21, org.springframework.security.web.servletapi.SecurityContextHolderAwareRequestFilter@72132fec, org.springframework.security.web.authentication.AnonymousAuthenticationFilter@67d98c62, org.springframework.security.web.session.SessionManagementFilter@137758a6, org.springframework.security.web.access.ExceptionTranslationFilter@5468e76f, org.springframework.security.web.access.intercept.FilterSecurityInterceptor@6e6ca38c]
2022-04-29 20:29:01.327  WARN 952 --- [restartedMain] o.s.b.d.a.OptionalLiveReloadServer       : Unable to start LiveReload server
2022-04-29 20:29:01.347  INFO 952 --- [restartedMain] o.s.b.w.embedded.tomcat.TomcatWebServer  : Tomcat started on port(s): 8082 (http) with context path ''
2022-04-29 20:29:01.347  INFO 952 --- [restartedMain] o.s.a.r.c.CachingConnectionFactory       : Attempting to connect to: [47.100.78.245:5672]
2022-04-29 20:29:01.617  INFO 952 --- [restartedMain] o.s.a.r.c.CachingConnectionFactory       : Created new connection: rabbitConnectionFactory#5e7d93a8:0/SimpleConnection@48b94c34 [delegate=amqp://admin@47.100.78.245:5672/, localPort= 52497]
2022-04-29 20:29:01.864  INFO 952 --- [restartedMain] com.example.mail.MailApplication         : Started MailApplication in 1.018 seconds (JVM running for 2602.556)
2022-04-29 20:29:01.864  INFO 952 --- [restartedMain] .ConditionEvaluationDeltaLoggingListener : Condition evaluation unchanged
2022-04-29 20:29:34.424  INFO 10356 --- [restartedMain] com.example.mail.MailApplication         : Starting MailApplication using Java 1.8.0_201 on LAPTOP-R2KOJR5Q with PID 10356 (D:\USERPROG\JavaEE\folder\rbac\rbac-mail\target\classes started by Lenovo in D:\USERPROG\JavaEE\folder\rbac)
2022-04-29 20:29:34.424  INFO 10356 --- [restartedMain] com.example.mail.MailApplication         : No active profile set, falling back to default profiles: default
2022-04-29 20:29:34.565  INFO 10356 --- [restartedMain] .e.DevToolsPropertyDefaultsPostProcessor : Devtools property defaults active! Set 'spring.devtools.add-properties' to 'false' to disable
2022-04-29 20:29:34.565  INFO 10356 --- [restartedMain] .e.DevToolsPropertyDefaultsPostProcessor : For additional web related logging consider setting the 'logging.level.web' property to 'DEBUG'
2022-04-29 20:29:35.336  INFO 10356 --- [restartedMain] .s.d.r.c.RepositoryConfigurationDelegate : Multiple Spring Data modules found, entering strict repository configuration mode!
2022-04-29 20:29:35.338  INFO 10356 --- [restartedMain] .s.d.r.c.RepositoryConfigurationDelegate : Bootstrapping Spring Data Redis repositories in DEFAULT mode.
2022-04-29 20:29:35.358  INFO 10356 --- [restartedMain] .s.d.r.c.RepositoryConfigurationDelegate : Finished Spring Data repository scanning in 5 ms. Found 0 Redis repository interfaces.
2022-04-29 20:29:36.132  INFO 10356 --- [restartedMain] o.s.b.w.embedded.tomcat.TomcatWebServer  : Tomcat initialized with port(s): 8082 (http)
2022-04-29 20:29:36.141  INFO 10356 --- [restartedMain] o.apache.catalina.core.StandardService   : Starting service [Tomcat]
2022-04-29 20:29:36.141  INFO 10356 --- [restartedMain] org.apache.catalina.core.StandardEngine  : Starting Servlet engine: [Apache Tomcat/9.0.48]
2022-04-29 20:29:36.143  INFO 10356 --- [restartedMain] o.a.catalina.core.AprLifecycleListener   : An older version [1.2.23] of the Apache Tomcat Native library is installed, while Tomcat recommends a minimum version of [1.2.30]
2022-04-29 20:29:36.143  INFO 10356 --- [restartedMain] o.a.catalina.core.AprLifecycleListener   : Loaded Apache Tomcat Native library [1.2.23] using APR version [1.7.0].
2022-04-29 20:29:36.143  INFO 10356 --- [restartedMain] o.a.catalina.core.AprLifecycleListener   : APR capabilities: IPv6 [true], sendfile [true], accept filters [false], random [true], UDS [false].
2022-04-29 20:29:36.143  INFO 10356 --- [restartedMain] o.a.catalina.core.AprLifecycleListener   : APR/OpenSSL configuration: useAprConnector [false], useOpenSSL [true]
2022-04-29 20:29:36.147  INFO 10356 --- [restartedMain] o.a.catalina.core.AprLifecycleListener   : OpenSSL successfully initialized [OpenSSL 1.1.1c  28 May 2019]
2022-04-29 20:29:36.264  INFO 10356 --- [restartedMain] o.a.c.c.C.[Tomcat].[localhost].[/]       : Initializing Spring embedded WebApplicationContext
2022-04-29 20:29:36.265  INFO 10356 --- [restartedMain] w.s.c.ServletWebServerApplicationContext : Root WebApplicationContext: initialization completed in 1699 ms
2022-04-29 20:29:37.332  INFO 10356 --- [restartedMain] .s.s.UserDetailsServiceAutoConfiguration : 

Using generated security password: 576788a2-6127-44f1-a4db-734377345e24

2022-04-29 20:29:37.409  INFO 10356 --- [restartedMain] o.s.s.web.DefaultSecurityFilterChain     : Will secure any request with [org.springframework.security.web.context.request.async.WebAsyncManagerIntegrationFilter@3a320531, org.springframework.security.web.context.SecurityContextPersistenceFilter@243257fc, org.springframework.security.web.header.HeaderWriterFilter@70e183f3, org.springframework.security.web.csrf.CsrfFilter@7e241833, org.springframework.security.web.authentication.logout.LogoutFilter@2c2b2333, org.springframework.security.web.authentication.UsernamePasswordAuthenticationFilter@1200975a, org.springframework.security.web.authentication.ui.DefaultLoginPageGeneratingFilter@2d69463c, org.springframework.security.web.authentication.ui.DefaultLogoutPageGeneratingFilter@23522e99, org.springframework.security.web.authentication.www.BasicAuthenticationFilter@748beafa, org.springframework.security.web.savedrequest.RequestCacheAwareFilter@5197a0bc, org.springframework.security.web.servletapi.SecurityContextHolderAwareRequestFilter@25e0767b, org.springframework.security.web.authentication.AnonymousAuthenticationFilter@825dc33, org.springframework.security.web.session.SessionManagementFilter@5c0f1fed, org.springframework.security.web.access.ExceptionTranslationFilter@7de9e64c, org.springframework.security.web.access.intercept.FilterSecurityInterceptor@6b03f894]
2022-04-29 20:29:37.475  WARN 10356 --- [restartedMain] o.s.b.d.a.OptionalLiveReloadServer       : Unable to start LiveReload server
2022-04-29 20:29:37.574  INFO 10356 --- [restartedMain] o.s.b.w.embedded.tomcat.TomcatWebServer  : Tomcat started on port(s): 8082 (http) with context path ''
2022-04-29 20:29:37.576  INFO 10356 --- [restartedMain] o.s.a.r.c.CachingConnectionFactory       : Attempting to connect to: [47.100.78.245:5672]
2022-04-29 20:29:37.835  INFO 10356 --- [restartedMain] o.s.a.r.c.CachingConnectionFactory       : Created new connection: rabbitConnectionFactory#5d7de537:0/SimpleConnection@301061ec [delegate=amqp://admin@47.100.78.245:5672/, localPort= 52559]
2022-04-29 20:29:38.103  INFO 10356 --- [restartedMain] com.example.mail.MailApplication         : Started MailApplication in 4.177 seconds (JVM running for 5.283)
2022-04-29 20:37:15.418  INFO 10356 --- [Thread-2] o.s.a.r.l.SimpleMessageListenerContainer : Waiting for workers to finish.
2022-04-29 20:37:16.009  INFO 10356 --- [Thread-2] o.s.a.r.l.SimpleMessageListenerContainer : Successfully waited for workers to finish.
2022-04-29 20:37:16.590  INFO 10356 --- [restartedMain] com.example.mail.MailApplication         : Starting MailApplication using Java 1.8.0_201 on LAPTOP-R2KOJR5Q with PID 10356 (D:\USERPROG\JavaEE\folder\rbac\rbac-mail\target\classes started by Lenovo in D:\USERPROG\JavaEE\folder\rbac)
2022-04-29 20:37:16.590  INFO 10356 --- [restartedMain] com.example.mail.MailApplication         : No active profile set, falling back to default profiles: default
2022-04-29 20:37:16.903  INFO 10356 --- [restartedMain] .s.d.r.c.RepositoryConfigurationDelegate : Multiple Spring Data modules found, entering strict repository configuration mode!
2022-04-29 20:37:16.903  INFO 10356 --- [restartedMain] .s.d.r.c.RepositoryConfigurationDelegate : Bootstrapping Spring Data Redis repositories in DEFAULT mode.
2022-04-29 20:37:16.903  INFO 10356 --- [restartedMain] .s.d.r.c.RepositoryConfigurationDelegate : Finished Spring Data repository scanning in 1 ms. Found 0 Redis repository interfaces.
2022-04-29 20:37:17.168  INFO 10356 --- [restartedMain] o.s.b.w.embedded.tomcat.TomcatWebServer  : Tomcat initialized with port(s): 8082 (http)
2022-04-29 20:37:17.168  INFO 10356 --- [restartedMain] o.apache.catalina.core.StandardService   : Starting service [Tomcat]
2022-04-29 20:37:17.168  INFO 10356 --- [restartedMain] org.apache.catalina.core.StandardEngine  : Starting Servlet engine: [Apache Tomcat/9.0.48]
2022-04-29 20:37:17.168  INFO 10356 --- [restartedMain] o.a.catalina.core.AprLifecycleListener   : An older version [1.2.23] of the Apache Tomcat Native library is installed, while Tomcat recommends a minimum version of [1.2.30]
2022-04-29 20:37:17.168  INFO 10356 --- [restartedMain] o.a.catalina.core.AprLifecycleListener   : Loaded Apache Tomcat Native library [1.2.23] using APR version [1.7.0].
2022-04-29 20:37:17.168  INFO 10356 --- [restartedMain] o.a.catalina.core.AprLifecycleListener   : APR capabilities: IPv6 [true], sendfile [true], accept filters [false], random [true], UDS [false].
2022-04-29 20:37:17.168  INFO 10356 --- [restartedMain] o.a.catalina.core.AprLifecycleListener   : APR/OpenSSL configuration: useAprConnector [false], useOpenSSL [true]
2022-04-29 20:37:17.168  INFO 10356 --- [restartedMain] o.a.catalina.core.AprLifecycleListener   : OpenSSL successfully initialized [OpenSSL 1.1.1c  28 May 2019]
2022-04-29 20:37:17.199  INFO 10356 --- [restartedMain] o.a.c.c.C.[Tomcat].[localhost].[/]       : Initializing Spring embedded WebApplicationContext
2022-04-29 20:37:17.199  INFO 10356 --- [restartedMain] w.s.c.ServletWebServerApplicationContext : Root WebApplicationContext: initialization completed in 609 ms
2022-04-29 20:37:17.524  INFO 10356 --- [restartedMain] .s.s.UserDetailsServiceAutoConfiguration : 

Using generated security password: c48248fc-2e5c-4bef-a1f9-219d4f425563

2022-04-29 20:37:17.534  INFO 10356 --- [restartedMain] o.s.s.web.DefaultSecurityFilterChain     : Will secure any request with [org.springframework.security.web.context.request.async.WebAsyncManagerIntegrationFilter@6a553a5e, org.springframework.security.web.context.SecurityContextPersistenceFilter@59eed8eb, org.springframework.security.web.header.HeaderWriterFilter@7f49194, org.springframework.security.web.csrf.CsrfFilter@2a163d29, org.springframework.security.web.authentication.logout.LogoutFilter@34750132, org.springframework.security.web.authentication.UsernamePasswordAuthenticationFilter@71880f85, org.springframework.security.web.authentication.ui.DefaultLoginPageGeneratingFilter@32990420, org.springframework.security.web.authentication.ui.DefaultLogoutPageGeneratingFilter@2568d4ce, org.springframework.security.web.authentication.www.BasicAuthenticationFilter@4a735aef, org.springframework.security.web.savedrequest.RequestCacheAwareFilter@2865c1f5, org.springframework.security.web.servletapi.SecurityContextHolderAwareRequestFilter@bbe9d5c, org.springframework.security.web.authentication.AnonymousAuthenticationFilter@142d13c1, org.springframework.security.web.session.SessionManagementFilter@420a5af6, org.springframework.security.web.access.ExceptionTranslationFilter@30f8304b, org.springframework.security.web.access.intercept.FilterSecurityInterceptor@2dbc49cb]
2022-04-29 20:37:17.568  WARN 10356 --- [restartedMain] o.s.b.d.a.OptionalLiveReloadServer       : Unable to start LiveReload server
2022-04-29 20:37:17.605  INFO 10356 --- [restartedMain] o.s.b.w.embedded.tomcat.TomcatWebServer  : Tomcat started on port(s): 8082 (http) with context path ''
2022-04-29 20:37:17.606  INFO 10356 --- [restartedMain] o.s.a.r.c.CachingConnectionFactory       : Attempting to connect to: [47.100.78.245:5672]
2022-04-29 20:37:17.823  INFO 10356 --- [restartedMain] o.s.a.r.c.CachingConnectionFactory       : Created new connection: rabbitConnectionFactory#a50bcef:0/SimpleConnection@2a9556a3 [delegate=amqp://admin@47.100.78.245:5672/, localPort= 52818]
2022-04-29 20:37:18.034  INFO 10356 --- [restartedMain] com.example.mail.MailApplication         : Started MailApplication in 1.481 seconds (JVM running for 465.215)
2022-04-29 20:37:18.036  INFO 10356 --- [restartedMain] .ConditionEvaluationDeltaLoggingListener : Condition evaluation unchanged
2022-04-29 20:37:19.090  INFO 10356 --- [Thread-17] o.s.a.r.l.SimpleMessageListenerContainer : Waiting for workers to finish.
2022-04-29 20:37:19.142  INFO 10356 --- [Thread-17] o.s.a.r.l.SimpleMessageListenerContainer : Successfully waited for workers to finish.
2022-04-29 20:37:19.608  INFO 10356 --- [restartedMain] com.example.mail.MailApplication         : Starting MailApplication using Java 1.8.0_201 on LAPTOP-R2KOJR5Q with PID 10356 (D:\USERPROG\JavaEE\folder\rbac\rbac-mail\target\classes started by Lenovo in D:\USERPROG\JavaEE\folder\rbac)
2022-04-29 20:37:19.608  INFO 10356 --- [restartedMain] com.example.mail.MailApplication         : No active profile set, falling back to default profiles: default
2022-04-29 20:37:19.760  INFO 10356 --- [restartedMain] .s.d.r.c.RepositoryConfigurationDelegate : Multiple Spring Data modules found, entering strict repository configuration mode!
2022-04-29 20:37:19.761  INFO 10356 --- [restartedMain] .s.d.r.c.RepositoryConfigurationDelegate : Bootstrapping Spring Data Redis repositories in DEFAULT mode.
2022-04-29 20:37:19.762  INFO 10356 --- [restartedMain] .s.d.r.c.RepositoryConfigurationDelegate : Finished Spring Data repository scanning in 0 ms. Found 0 Redis repository interfaces.
2022-04-29 20:37:19.822  INFO 10356 --- [restartedMain] o.s.b.w.embedded.tomcat.TomcatWebServer  : Tomcat initialized with port(s): 8082 (http)
2022-04-29 20:37:19.823  INFO 10356 --- [restartedMain] o.apache.catalina.core.StandardService   : Starting service [Tomcat]
2022-04-29 20:37:19.823  INFO 10356 --- [restartedMain] org.apache.catalina.core.StandardEngine  : Starting Servlet engine: [Apache Tomcat/9.0.48]
2022-04-29 20:37:19.823  INFO 10356 --- [restartedMain] o.a.catalina.core.AprLifecycleListener   : An older version [1.2.23] of the Apache Tomcat Native library is installed, while Tomcat recommends a minimum version of [1.2.30]
2022-04-29 20:37:19.823  INFO 10356 --- [restartedMain] o.a.catalina.core.AprLifecycleListener   : Loaded Apache Tomcat Native library [1.2.23] using APR version [1.7.0].
2022-04-29 20:37:19.824  INFO 10356 --- [restartedMain] o.a.catalina.core.AprLifecycleListener   : APR capabilities: IPv6 [true], sendfile [true], accept filters [false], random [true], UDS [false].
2022-04-29 20:37:19.824  INFO 10356 --- [restartedMain] o.a.catalina.core.AprLifecycleListener   : APR/OpenSSL configuration: useAprConnector [false], useOpenSSL [true]
2022-04-29 20:37:19.824  INFO 10356 --- [restartedMain] o.a.catalina.core.AprLifecycleListener   : OpenSSL successfully initialized [OpenSSL 1.1.1c  28 May 2019]
2022-04-29 20:37:19.846  INFO 10356 --- [restartedMain] o.a.c.c.C.[Tomcat].[localhost].[/]       : Initializing Spring embedded WebApplicationContext
2022-04-29 20:37:19.846  INFO 10356 --- [restartedMain] w.s.c.ServletWebServerApplicationContext : Root WebApplicationContext: initialization completed in 235 ms
2022-04-29 20:37:19.973  INFO 10356 --- [restartedMain] .s.s.UserDetailsServiceAutoConfiguration : 

Using generated security password: 0f79520e-52a2-4e2e-a7d8-72129ac8b78e

2022-04-29 20:37:19.977  INFO 10356 --- [restartedMain] o.s.s.web.DefaultSecurityFilterChain     : Will secure any request with [org.springframework.security.web.context.request.async.WebAsyncManagerIntegrationFilter@3c965581, org.springframework.security.web.context.SecurityContextPersistenceFilter@3f67dba8, org.springframework.security.web.header.HeaderWriterFilter@6cd5c800, org.springframework.security.web.csrf.CsrfFilter@4b250342, org.springframework.security.web.authentication.logout.LogoutFilter@7a6f8bd6, org.springframework.security.web.authentication.UsernamePasswordAuthenticationFilter@29429dc, org.springframework.security.web.authentication.ui.DefaultLoginPageGeneratingFilter@1efb3b8, org.springframework.security.web.authentication.ui.DefaultLogoutPageGeneratingFilter@413cc6d7, org.springframework.security.web.authentication.www.BasicAuthenticationFilter@4dea40a1, org.springframework.security.web.savedrequest.RequestCacheAwareFilter@3ad8346f, org.springframework.security.web.servletapi.SecurityContextHolderAwareRequestFilter@788f6efc, org.springframework.security.web.authentication.AnonymousAuthenticationFilter@62c5dde5, org.springframework.security.web.session.SessionManagementFilter@5c3bfc7e, org.springframework.security.web.access.ExceptionTranslationFilter@49699a79, org.springframework.security.web.access.intercept.FilterSecurityInterceptor@260b7b87]
2022-04-29 20:37:19.991  WARN 10356 --- [restartedMain] o.s.b.d.a.OptionalLiveReloadServer       : Unable to start LiveReload server
2022-04-29 20:37:20.017  INFO 10356 --- [restartedMain] o.s.b.w.embedded.tomcat.TomcatWebServer  : Tomcat started on port(s): 8082 (http) with context path ''
2022-04-29 20:37:20.018  INFO 10356 --- [restartedMain] o.s.a.r.c.CachingConnectionFactory       : Attempting to connect to: [47.100.78.245:5672]
2022-04-29 20:37:20.278  INFO 10356 --- [restartedMain] o.s.a.r.c.CachingConnectionFactory       : Created new connection: rabbitConnectionFactory#413274dc:0/SimpleConnection@2ee757a2 [delegate=amqp://admin@47.100.78.245:5672/, localPort= 52825]
2022-04-29 20:37:20.516  INFO 10356 --- [restartedMain] com.example.mail.MailApplication         : Started MailApplication in 0.938 seconds (JVM running for 467.698)
2022-04-29 20:37:20.516  INFO 10356 --- [restartedMain] .ConditionEvaluationDeltaLoggingListener : Condition evaluation unchanged
2022-04-29 20:44:30.274  INFO 10356 --- [Thread-21] o.s.a.r.l.SimpleMessageListenerContainer : Waiting for workers to finish.
2022-04-29 20:44:31.089  INFO 10356 --- [Thread-21] o.s.a.r.l.SimpleMessageListenerContainer : Successfully waited for workers to finish.
2022-04-29 20:44:31.646  INFO 10356 --- [restartedMain] com.example.mail.MailApplication         : Starting MailApplication using Java 1.8.0_201 on LAPTOP-R2KOJR5Q with PID 10356 (D:\USERPROG\JavaEE\folder\rbac\rbac-mail\target\classes started by Lenovo in D:\USERPROG\JavaEE\folder\rbac)
2022-04-29 20:44:31.646  INFO 10356 --- [restartedMain] com.example.mail.MailApplication         : No active profile set, falling back to default profiles: default
2022-04-29 20:44:31.828  INFO 10356 --- [restartedMain] .s.d.r.c.RepositoryConfigurationDelegate : Multiple Spring Data modules found, entering strict repository configuration mode!
2022-04-29 20:44:31.828  INFO 10356 --- [restartedMain] .s.d.r.c.RepositoryConfigurationDelegate : Bootstrapping Spring Data Redis repositories in DEFAULT mode.
2022-04-29 20:44:31.830  INFO 10356 --- [restartedMain] .s.d.r.c.RepositoryConfigurationDelegate : Finished Spring Data repository scanning in 1 ms. Found 0 Redis repository interfaces.
2022-04-29 20:44:31.987  INFO 10356 --- [restartedMain] o.s.b.w.embedded.tomcat.TomcatWebServer  : Tomcat initialized with port(s): 8082 (http)
2022-04-29 20:44:31.988  INFO 10356 --- [restartedMain] o.apache.catalina.core.StandardService   : Starting service [Tomcat]
2022-04-29 20:44:31.988  INFO 10356 --- [restartedMain] org.apache.catalina.core.StandardEngine  : Starting Servlet engine: [Apache Tomcat/9.0.48]
2022-04-29 20:44:31.988  INFO 10356 --- [restartedMain] o.a.catalina.core.AprLifecycleListener   : An older version [1.2.23] of the Apache Tomcat Native library is installed, while Tomcat recommends a minimum version of [1.2.30]
2022-04-29 20:44:31.989  INFO 10356 --- [restartedMain] o.a.catalina.core.AprLifecycleListener   : Loaded Apache Tomcat Native library [1.2.23] using APR version [1.7.0].
2022-04-29 20:44:31.989  INFO 10356 --- [restartedMain] o.a.catalina.core.AprLifecycleListener   : APR capabilities: IPv6 [true], sendfile [true], accept filters [false], random [true], UDS [false].
2022-04-29 20:44:31.989  INFO 10356 --- [restartedMain] o.a.catalina.core.AprLifecycleListener   : APR/OpenSSL configuration: useAprConnector [false], useOpenSSL [true]
2022-04-29 20:44:31.989  INFO 10356 --- [restartedMain] o.a.catalina.core.AprLifecycleListener   : OpenSSL successfully initialized [OpenSSL 1.1.1c  28 May 2019]
2022-04-29 20:44:32.014  INFO 10356 --- [restartedMain] o.a.c.c.C.[Tomcat].[localhost].[/]       : Initializing Spring embedded WebApplicationContext
2022-04-29 20:44:32.014  INFO 10356 --- [restartedMain] w.s.c.ServletWebServerApplicationContext : Root WebApplicationContext: initialization completed in 364 ms
2022-04-29 20:44:32.142  INFO 10356 --- [restartedMain] .s.s.UserDetailsServiceAutoConfiguration : 

Using generated security password: 7dddfdb8-b382-4cbc-bac3-d86663c6952d

2022-04-29 20:44:32.148  INFO 10356 --- [restartedMain] o.s.s.web.DefaultSecurityFilterChain     : Will secure any request with [org.springframework.security.web.context.request.async.WebAsyncManagerIntegrationFilter@66fd3f8f, org.springframework.security.web.context.SecurityContextPersistenceFilter@51c51f17, org.springframework.security.web.header.HeaderWriterFilter@a14e1a6, org.springframework.security.web.csrf.CsrfFilter@15246331, org.springframework.security.web.authentication.logout.LogoutFilter@2cc50ab4, org.springframework.security.web.authentication.UsernamePasswordAuthenticationFilter@43628ad3, org.springframework.security.web.authentication.ui.DefaultLoginPageGeneratingFilter@5f5894fd, org.springframework.security.web.authentication.ui.DefaultLogoutPageGeneratingFilter@6c7c3c88, org.springframework.security.web.authentication.www.BasicAuthenticationFilter@53c174bb, org.springframework.security.web.savedrequest.RequestCacheAwareFilter@694355a4, org.springframework.security.web.servletapi.SecurityContextHolderAwareRequestFilter@44f790fb, org.springframework.security.web.authentication.AnonymousAuthenticationFilter@3b1f17c6, org.springframework.security.web.session.SessionManagementFilter@674ed524, org.springframework.security.web.access.ExceptionTranslationFilter@520d5675, org.springframework.security.web.access.intercept.FilterSecurityInterceptor@61ad74cc]
2022-04-29 20:44:32.167  WARN 10356 --- [restartedMain] o.s.b.d.a.OptionalLiveReloadServer       : Unable to start LiveReload server
2022-04-29 20:44:32.190  INFO 10356 --- [restartedMain] o.s.b.w.embedded.tomcat.TomcatWebServer  : Tomcat started on port(s): 8082 (http) with context path ''
2022-04-29 20:44:32.191  INFO 10356 --- [restartedMain] o.s.a.r.c.CachingConnectionFactory       : Attempting to connect to: [47.100.78.245:5672]
2022-04-29 20:44:32.419  INFO 10356 --- [restartedMain] o.s.a.r.c.CachingConnectionFactory       : Created new connection: rabbitConnectionFactory#e5ecf98:0/SimpleConnection@5271b648 [delegate=amqp://admin@47.100.78.245:5672/, localPort= 53276]
2022-04-29 20:44:32.652  INFO 10356 --- [restartedMain] com.example.mail.MailApplication         : Started MailApplication in 1.031 seconds (JVM running for 899.832)
2022-04-29 20:44:32.654  INFO 10356 --- [restartedMain] .ConditionEvaluationDeltaLoggingListener : Condition evaluation unchanged
2022-04-29 20:44:33.698  INFO 10356 --- [Thread-25] o.s.a.r.l.SimpleMessageListenerContainer : Waiting for workers to finish.
2022-04-29 20:44:33.755  INFO 10356 --- [Thread-25] o.s.a.r.l.SimpleMessageListenerContainer : Successfully waited for workers to finish.
2022-04-29 20:44:34.153  INFO 10356 --- [restartedMain] com.example.mail.MailApplication         : Starting MailApplication using Java 1.8.0_201 on LAPTOP-R2KOJR5Q with PID 10356 (D:\USERPROG\JavaEE\folder\rbac\rbac-mail\target\classes started by Lenovo in D:\USERPROG\JavaEE\folder\rbac)
2022-04-29 20:44:34.154  INFO 10356 --- [restartedMain] com.example.mail.MailApplication         : No active profile set, falling back to default profiles: default
2022-04-29 20:44:34.279  INFO 10356 --- [restartedMain] .s.d.r.c.RepositoryConfigurationDelegate : Multiple Spring Data modules found, entering strict repository configuration mode!
2022-04-29 20:44:34.280  INFO 10356 --- [restartedMain] .s.d.r.c.RepositoryConfigurationDelegate : Bootstrapping Spring Data Redis repositories in DEFAULT mode.
2022-04-29 20:44:34.281  INFO 10356 --- [restartedMain] .s.d.r.c.RepositoryConfigurationDelegate : Finished Spring Data repository scanning in 0 ms. Found 0 Redis repository interfaces.
2022-04-29 20:44:34.330  INFO 10356 --- [restartedMain] o.s.b.w.embedded.tomcat.TomcatWebServer  : Tomcat initialized with port(s): 8082 (http)
2022-04-29 20:44:34.330  INFO 10356 --- [restartedMain] o.apache.catalina.core.StandardService   : Starting service [Tomcat]
2022-04-29 20:44:34.330  INFO 10356 --- [restartedMain] org.apache.catalina.core.StandardEngine  : Starting Servlet engine: [Apache Tomcat/9.0.48]
2022-04-29 20:44:34.331  INFO 10356 --- [restartedMain] o.a.catalina.core.AprLifecycleListener   : An older version [1.2.23] of the Apache Tomcat Native library is installed, while Tomcat recommends a minimum version of [1.2.30]
2022-04-29 20:44:34.331  INFO 10356 --- [restartedMain] o.a.catalina.core.AprLifecycleListener   : Loaded Apache Tomcat Native library [1.2.23] using APR version [1.7.0].
2022-04-29 20:44:34.331  INFO 10356 --- [restartedMain] o.a.catalina.core.AprLifecycleListener   : APR capabilities: IPv6 [true], sendfile [true], accept filters [false], random [true], UDS [false].
2022-04-29 20:44:34.331  INFO 10356 --- [restartedMain] o.a.catalina.core.AprLifecycleListener   : APR/OpenSSL configuration: useAprConnector [false], useOpenSSL [true]
2022-04-29 20:44:34.331  INFO 10356 --- [restartedMain] o.a.catalina.core.AprLifecycleListener   : OpenSSL successfully initialized [OpenSSL 1.1.1c  28 May 2019]
2022-04-29 20:44:34.351  INFO 10356 --- [restartedMain] o.a.c.c.C.[Tomcat].[localhost].[/]       : Initializing Spring embedded WebApplicationContext
2022-04-29 20:44:34.352  INFO 10356 --- [restartedMain] w.s.c.ServletWebServerApplicationContext : Root WebApplicationContext: initialization completed in 196 ms
2022-04-29 20:44:34.438  INFO 10356 --- [restartedMain] .s.s.UserDetailsServiceAutoConfiguration : 

Using generated security password: 605b3a6a-7081-4668-9075-e040facda40b

2022-04-29 20:44:34.442  INFO 10356 --- [restartedMain] o.s.s.web.DefaultSecurityFilterChain     : Will secure any request with [org.springframework.security.web.context.request.async.WebAsyncManagerIntegrationFilter@333deb56, org.springframework.security.web.context.SecurityContextPersistenceFilter@59557615, org.springframework.security.web.header.HeaderWriterFilter@4e4ef238, org.springframework.security.web.csrf.CsrfFilter@6a02d3b, org.springframework.security.web.authentication.logout.LogoutFilter@4e0428f4, org.springframework.security.web.authentication.UsernamePasswordAuthenticationFilter@3aa7d43c, org.springframework.security.web.authentication.ui.DefaultLoginPageGeneratingFilter@58104f4a, org.springframework.security.web.authentication.ui.DefaultLogoutPageGeneratingFilter@3a713168, org.springframework.security.web.authentication.www.BasicAuthenticationFilter@63b9de2e, org.springframework.security.web.savedrequest.RequestCacheAwareFilter@1e2fc12, org.springframework.security.web.servletapi.SecurityContextHolderAwareRequestFilter@38841124, org.springframework.security.web.authentication.AnonymousAuthenticationFilter@3ef3142e, org.springframework.security.web.session.SessionManagementFilter@5e1b5118, org.springframework.security.web.access.ExceptionTranslationFilter@335d7643, org.springframework.security.web.access.intercept.FilterSecurityInterceptor@510b09d0]
2022-04-29 20:44:34.452  WARN 10356 --- [restartedMain] o.s.b.d.a.OptionalLiveReloadServer       : Unable to start LiveReload server
2022-04-29 20:44:34.466  INFO 10356 --- [restartedMain] o.s.b.w.embedded.tomcat.TomcatWebServer  : Tomcat started on port(s): 8082 (http) with context path ''
2022-04-29 20:44:34.467  INFO 10356 --- [restartedMain] o.s.a.r.c.CachingConnectionFactory       : Attempting to connect to: [47.100.78.245:5672]
2022-04-29 20:44:34.716  INFO 10356 --- [restartedMain] o.s.a.r.c.CachingConnectionFactory       : Created new connection: rabbitConnectionFactory#4dfb8b2f:0/SimpleConnection@63a9705d [delegate=amqp://admin@47.100.78.245:5672/, localPort= 53282]
2022-04-29 20:44:34.917  INFO 10356 --- [restartedMain] com.example.mail.MailApplication         : Started MailApplication in 0.787 seconds (JVM running for 902.098)
2022-04-29 20:44:34.918  INFO 10356 --- [restartedMain] .ConditionEvaluationDeltaLoggingListener : Condition evaluation unchanged
2022-04-29 21:01:23.894  WARN 10356 --- [AMQP Connection 47.100.78.245:5672] c.r.c.impl.ForgivingExceptionHandler     : An unexpected connection driver error occured (Exception message: Connection reset)
2022-04-29 21:01:24.515  INFO 10356 --- [org.springframework.amqp.rabbit.RabbitListenerEndpointContainer#0-1] o.s.a.r.l.SimpleMessageListenerContainer : Restarting Consumer@3715807a: tags=[[amq.ctag-BRKtOdSOTU1Jk48-aIkBkg]], channel=Cached Rabbit Channel: AMQChannel(amqp://admin@47.100.78.245:5672/,1), conn: Proxy@217ce32f Shared Rabbit Connection: SimpleConnection@63a9705d [delegate=amqp://admin@47.100.78.245:5672/, localPort= 53282], acknowledgeMode=MANUAL local queue size=0
2022-04-29 21:01:24.518  INFO 10356 --- [org.springframework.amqp.rabbit.RabbitListenerEndpointContainer#0-2] o.s.a.r.c.CachingConnectionFactory       : Attempting to connect to: [47.100.78.245:5672]
2022-04-29 21:01:24.744  INFO 10356 --- [org.springframework.amqp.rabbit.RabbitListenerEndpointContainer#0-2] o.s.a.r.c.CachingConnectionFactory       : Created new connection: rabbitConnectionFactory#4dfb8b2f:1/SimpleConnection@418ce57f [delegate=amqp://admin@47.100.78.245:5672/, localPort= 54002]
