2022-04-27 00:00:00.219  INFO 2556 --- [MessageBroker-8] c.e.rbac.handler.MyMetaObjectHandler     : update fill
2022-04-27 00:00:00.377  INFO 2556 --- [MessageBroker-8] c.e.rbac.handler.MyMetaObjectHandler     : update fill
2022-04-27 00:00:00.469  INFO 2556 --- [MessageBroker-8] c.e.rbac.handler.MyMetaObjectHandler     : update fill
2022-04-27 00:00:00.549  INFO 2556 --- [MessageBroker-8] c.e.rbac.handler.MyMetaObjectHandler     : update fill
2022-04-27 00:00:00.685  INFO 2556 --- [MessageBroker-8] c.e.rbac.handler.MyMetaObjectHandler     : update fill
2022-04-27 00:00:00.910  INFO 2556 --- [MessageBroker-8] c.e.rbac.handler.MyMetaObjectHandler     : update fill
2022-04-27 00:00:01.313  INFO 2556 --- [MessageBroker-8] c.e.rbac.handler.MyMetaObjectHandler     : update fill
2022-04-27 00:00:01.407  INFO 2556 --- [MessageBroker-8] c.e.rbac.handler.MyMetaObjectHandler     : update fill
2022-04-27 00:00:01.552  INFO 2556 --- [MessageBroker-8] c.e.rbac.handler.MyMetaObjectHandler     : update fill
2022-04-27 00:00:01.717  INFO 2556 --- [MessageBroker-8] c.e.rbac.handler.MyMetaObjectHandler     : update fill
2022-04-27 00:00:01.859  INFO 2556 --- [MessageBroker-8] c.e.rbac.handler.MyMetaObjectHandler     : update fill
2022-04-27 00:00:01.929  INFO 2556 --- [MessageBroker-8] c.e.rbac.handler.MyMetaObjectHandler     : update fill
2022-04-27 00:00:01.997  INFO 2556 --- [MessageBroker-8] c.e.rbac.handler.MyMetaObjectHandler     : update fill
2022-04-27 00:00:02.055  INFO 2556 --- [MessageBroker-8] c.e.rbac.handler.MyMetaObjectHandler     : update fill
2022-04-27 00:00:02.138  INFO 2556 --- [MessageBroker-8] c.e.rbac.handler.MyMetaObjectHandler     : update fill
2022-04-27 00:00:02.190  INFO 2556 --- [MessageBroker-8] c.e.rbac.handler.MyMetaObjectHandler     : update fill
2022-04-27 00:00:02.291  INFO 2556 --- [MessageBroker-8] c.e.rbac.handler.MyMetaObjectHandler     : update fill
2022-04-27 00:00:02.343  INFO 2556 --- [MessageBroker-8] c.e.rbac.handler.MyMetaObjectHandler     : update fill
2022-04-27 00:00:02.403  INFO 2556 --- [MessageBroker-8] c.e.rbac.handler.MyMetaObjectHandler     : update fill
2022-04-27 00:00:02.451  INFO 2556 --- [MessageBroker-8] c.e.rbac.handler.MyMetaObjectHandler     : update fill
2022-04-27 00:00:02.498  INFO 2556 --- [MessageBroker-8] c.e.rbac.handler.MyMetaObjectHandler     : update fill
2022-04-27 00:00:02.548  INFO 2556 --- [MessageBroker-8] c.e.rbac.handler.MyMetaObjectHandler     : update fill
2022-04-27 00:00:02.599  INFO 2556 --- [MessageBroker-8] c.e.rbac.handler.MyMetaObjectHandler     : update fill
2022-04-27 00:00:02.645  INFO 2556 --- [MessageBroker-8] c.e.rbac.handler.MyMetaObjectHandler     : update fill
2022-04-27 00:00:02.691  INFO 2556 --- [MessageBroker-8] c.e.rbac.handler.MyMetaObjectHandler     : update fill
2022-04-27 00:00:02.738  INFO 2556 --- [MessageBroker-8] c.e.rbac.handler.MyMetaObjectHandler     : update fill
2022-04-27 00:00:02.786  INFO 2556 --- [MessageBroker-8] c.e.rbac.handler.MyMetaObjectHandler     : update fill
2022-04-27 00:00:02.832  INFO 2556 --- [MessageBroker-8] c.e.rbac.handler.MyMetaObjectHandler     : update fill
2022-04-27 00:00:02.880  INFO 2556 --- [MessageBroker-8] c.e.rbac.handler.MyMetaObjectHandler     : update fill
2022-04-27 00:00:02.925  INFO 2556 --- [MessageBroker-8] c.e.rbac.handler.MyMetaObjectHandler     : update fill
2022-04-27 00:00:02.970  INFO 2556 --- [MessageBroker-8] c.e.rbac.handler.MyMetaObjectHandler     : update fill
2022-04-27 00:00:03.009  INFO 2556 --- [MessageBroker-8] c.e.rbac.handler.MyMetaObjectHandler     : update fill
2022-04-27 00:00:03.100  INFO 2556 --- [MessageBroker-8] c.e.rbac.handler.MyMetaObjectHandler     : update fill
2022-04-27 00:00:03.146  INFO 2556 --- [MessageBroker-8] c.e.rbac.handler.MyMetaObjectHandler     : update fill
2022-04-27 00:00:03.184  INFO 2556 --- [MessageBroker-8] c.e.rbac.handler.MyMetaObjectHandler     : update fill
2022-04-27 00:00:03.229  INFO 2556 --- [MessageBroker-8] c.e.rbac.handler.MyMetaObjectHandler     : update fill
2022-04-27 00:00:03.269  INFO 2556 --- [MessageBroker-8] c.e.rbac.handler.MyMetaObjectHandler     : update fill
2022-04-27 00:00:03.316  INFO 2556 --- [MessageBroker-8] c.e.rbac.handler.MyMetaObjectHandler     : update fill
2022-04-27 00:00:03.376  INFO 2556 --- [MessageBroker-8] c.e.rbac.handler.MyMetaObjectHandler     : update fill
2022-04-27 00:00:03.431  INFO 2556 --- [MessageBroker-8] c.e.rbac.handler.MyMetaObjectHandler     : update fill
2022-04-27 00:00:03.487  INFO 2556 --- [MessageBroker-8] c.e.rbac.handler.MyMetaObjectHandler     : update fill
2022-04-27 00:00:03.535  INFO 2556 --- [MessageBroker-8] c.e.rbac.handler.MyMetaObjectHandler     : update fill
2022-04-27 00:00:03.585  INFO 2556 --- [MessageBroker-8] c.e.rbac.handler.MyMetaObjectHandler     : update fill
2022-04-27 00:00:03.625  INFO 2556 --- [MessageBroker-8] c.e.rbac.handler.MyMetaObjectHandler     : update fill
2022-04-27 00:00:03.670  INFO 2556 --- [MessageBroker-8] c.e.rbac.handler.MyMetaObjectHandler     : update fill
2022-04-27 00:00:03.714  INFO 2556 --- [MessageBroker-8] c.e.rbac.handler.MyMetaObjectHandler     : update fill
2022-04-27 00:00:03.756  INFO 2556 --- [MessageBroker-8] c.e.rbac.handler.MyMetaObjectHandler     : update fill
2022-04-27 00:00:03.799  INFO 2556 --- [MessageBroker-8] c.e.rbac.handler.MyMetaObjectHandler     : update fill
2022-04-27 00:00:03.846  INFO 2556 --- [MessageBroker-8] c.e.rbac.handler.MyMetaObjectHandler     : update fill
2022-04-27 00:00:03.891  INFO 2556 --- [MessageBroker-8] c.e.rbac.handler.MyMetaObjectHandler     : update fill
2022-04-27 00:00:04.036  INFO 2556 --- [MessageBroker-8] c.e.rbac.handler.MyMetaObjectHandler     : update fill
2022-04-27 00:00:04.164  INFO 2556 --- [MessageBroker-8] c.e.rbac.handler.MyMetaObjectHandler     : update fill
2022-04-27 00:00:04.210  INFO 2556 --- [MessageBroker-8] c.e.rbac.handler.MyMetaObjectHandler     : update fill
2022-04-27 00:00:04.276  INFO 2556 --- [MessageBroker-8] c.e.rbac.handler.MyMetaObjectHandler     : update fill
2022-04-27 00:00:04.328  INFO 2556 --- [MessageBroker-8] c.e.rbac.handler.MyMetaObjectHandler     : update fill
2022-04-27 00:00:04.386  INFO 2556 --- [MessageBroker-8] c.e.rbac.handler.MyMetaObjectHandler     : update fill
2022-04-27 00:00:04.432  INFO 2556 --- [MessageBroker-8] c.e.rbac.handler.MyMetaObjectHandler     : update fill
2022-04-27 00:00:04.479  INFO 2556 --- [MessageBroker-8] c.e.rbac.handler.MyMetaObjectHandler     : update fill
2022-04-27 00:00:04.523  INFO 2556 --- [MessageBroker-8] c.e.rbac.handler.MyMetaObjectHandler     : update fill
2022-04-27 00:00:04.562  INFO 2556 --- [MessageBroker-8] c.e.rbac.handler.MyMetaObjectHandler     : update fill
2022-04-27 00:00:04.607  INFO 2556 --- [MessageBroker-8] c.e.rbac.handler.MyMetaObjectHandler     : update fill
2022-04-27 00:00:04.650  INFO 2556 --- [MessageBroker-8] c.e.rbac.handler.MyMetaObjectHandler     : update fill
2022-04-27 00:00:04.690  INFO 2556 --- [MessageBroker-8] c.e.rbac.handler.MyMetaObjectHandler     : update fill
2022-04-27 00:00:04.744  INFO 2556 --- [MessageBroker-8] c.e.rbac.handler.MyMetaObjectHandler     : update fill
2022-04-27 00:00:04.779  INFO 2556 --- [MessageBroker-8] c.e.rbac.handler.MyMetaObjectHandler     : update fill
2022-04-27 00:00:04.827  INFO 2556 --- [MessageBroker-8] c.e.rbac.handler.MyMetaObjectHandler     : update fill
2022-04-27 00:00:04.862  INFO 2556 --- [MessageBroker-8] c.e.rbac.handler.MyMetaObjectHandler     : update fill
2022-04-27 00:00:04.898  INFO 2556 --- [MessageBroker-8] c.e.rbac.handler.MyMetaObjectHandler     : update fill
2022-04-27 00:00:04.935  INFO 2556 --- [MessageBroker-8] c.e.rbac.handler.MyMetaObjectHandler     : update fill
2022-04-27 00:00:04.969  INFO 2556 --- [MessageBroker-8] c.e.rbac.handler.MyMetaObjectHandler     : update fill
2022-04-27 00:00:05.004  INFO 2556 --- [MessageBroker-8] c.e.rbac.handler.MyMetaObjectHandler     : update fill
2022-04-27 00:00:05.041  INFO 2556 --- [MessageBroker-8] c.e.rbac.handler.MyMetaObjectHandler     : update fill
2022-04-27 00:00:05.077  INFO 2556 --- [MessageBroker-8] c.e.rbac.handler.MyMetaObjectHandler     : update fill
2022-04-27 00:00:05.118  INFO 2556 --- [MessageBroker-8] c.e.rbac.handler.MyMetaObjectHandler     : update fill
2022-04-27 00:00:05.160  INFO 2556 --- [MessageBroker-8] c.e.rbac.handler.MyMetaObjectHandler     : update fill
2022-04-27 00:00:05.203  INFO 2556 --- [MessageBroker-8] c.e.rbac.handler.MyMetaObjectHandler     : update fill
2022-04-27 00:00:05.272  INFO 2556 --- [MessageBroker-8] c.e.rbac.handler.MyMetaObjectHandler     : update fill
2022-04-27 00:00:05.334  INFO 2556 --- [MessageBroker-8] c.e.rbac.handler.MyMetaObjectHandler     : update fill
2022-04-27 00:00:05.375  INFO 2556 --- [MessageBroker-8] c.e.rbac.handler.MyMetaObjectHandler     : update fill
2022-04-27 00:00:05.436  INFO 2556 --- [MessageBroker-8] c.e.rbac.handler.MyMetaObjectHandler     : update fill
2022-04-27 00:00:05.501  INFO 2556 --- [MessageBroker-8] c.e.rbac.handler.MyMetaObjectHandler     : update fill
2022-04-27 00:00:05.566  INFO 2556 --- [MessageBroker-8] c.e.rbac.handler.MyMetaObjectHandler     : update fill
2022-04-27 00:00:05.603  INFO 2556 --- [MessageBroker-8] c.e.rbac.handler.MyMetaObjectHandler     : update fill
2022-04-27 00:00:05.645  INFO 2556 --- [MessageBroker-8] c.e.rbac.handler.MyMetaObjectHandler     : update fill
2022-04-27 00:00:05.700  INFO 2556 --- [MessageBroker-8] c.e.rbac.handler.MyMetaObjectHandler     : update fill
2022-04-27 00:00:05.746  INFO 2556 --- [MessageBroker-8] c.e.rbac.handler.MyMetaObjectHandler     : update fill
2022-04-27 00:00:05.791  INFO 2556 --- [MessageBroker-8] c.e.rbac.handler.MyMetaObjectHandler     : update fill
2022-04-27 00:00:05.838  INFO 2556 --- [MessageBroker-8] c.e.rbac.handler.MyMetaObjectHandler     : update fill
2022-04-27 00:00:05.880  INFO 2556 --- [MessageBroker-8] c.e.rbac.handler.MyMetaObjectHandler     : update fill
2022-04-27 00:00:05.921  INFO 2556 --- [MessageBroker-8] c.e.rbac.handler.MyMetaObjectHandler     : update fill
2022-04-27 00:00:05.961  INFO 2556 --- [MessageBroker-8] c.e.rbac.handler.MyMetaObjectHandler     : update fill
2022-04-27 00:00:06.005  INFO 2556 --- [MessageBroker-8] c.e.rbac.handler.MyMetaObjectHandler     : update fill
2022-04-27 00:00:06.050  INFO 2556 --- [MessageBroker-8] c.e.rbac.handler.MyMetaObjectHandler     : update fill
2022-04-27 00:00:06.088  INFO 2556 --- [MessageBroker-8] c.e.rbac.handler.MyMetaObjectHandler     : update fill
2022-04-27 00:00:06.132  INFO 2556 --- [MessageBroker-8] c.e.rbac.handler.MyMetaObjectHandler     : update fill
2022-04-27 00:00:06.175  INFO 2556 --- [MessageBroker-8] c.e.rbac.handler.MyMetaObjectHandler     : update fill
2022-04-27 00:00:06.214  INFO 2556 --- [MessageBroker-8] c.e.rbac.handler.MyMetaObjectHandler     : update fill
2022-04-27 00:00:06.259  INFO 2556 --- [MessageBroker-8] c.e.rbac.handler.MyMetaObjectHandler     : update fill
2022-04-27 00:00:06.304  INFO 2556 --- [MessageBroker-8] c.e.rbac.handler.MyMetaObjectHandler     : update fill
2022-04-27 00:10:02.563  INFO 2556 --- [MessageBroker-8] o.s.w.s.c.WebSocketMessageBrokerStats    : WebSocketSession[0 current WS(0)-HttpStream(0)-HttpPoll(0), 0 total, 0 closed abnormally (0 connect failure, 0 send limit, 0 transport error)], stompSubProtocol[processed CONNECT(0)-CONNECTED(0)-DISCONNECT(0)], stompBrokerRelay[null], inboundChannel[pool size = 0, active threads = 0, queued tasks = 0, completed tasks = 0], outboundChannel[pool size = 0, active threads = 0, queued tasks = 0, completed tasks = 0], sockJsScheduler[pool size = 8, active threads = 1, queued tasks = 4, completed tasks = 369]
2022-04-27 00:16:55.778  INFO 2556 --- [http-nio-8081-exec-1] o.a.c.c.C.[Tomcat].[localhost].[/]       : Initializing Spring DispatcherServlet 'dispatcherServlet'
2022-04-27 00:16:55.779  INFO 2556 --- [http-nio-8081-exec-1] o.s.web.servlet.DispatcherServlet        : Initializing Servlet 'dispatcherServlet'
2022-04-27 00:16:55.781  INFO 2556 --- [http-nio-8081-exec-1] o.s.web.servlet.DispatcherServlet        : Completed initialization in 2 ms
2022-04-27 00:40:02.570  INFO 2556 --- [MessageBroker-4] o.s.w.s.c.WebSocketMessageBrokerStats    : WebSocketSession[1 current WS(1)-HttpStream(0)-HttpPoll(0), 5 total, 0 closed abnormally (0 connect failure, 0 send limit, 0 transport error)], stompSubProtocol[processed CONNECT(5)-CONNECTED(5)-DISCONNECT(0)], stompBrokerRelay[null], inboundChannel[pool size = 0, active threads = 0, queued tasks = 0, completed tasks = 42], outboundChannel[pool size = 0, active threads = 0, queued tasks = 0, completed tasks = 9], sockJsScheduler[pool size = 8, active threads = 1, queued tasks = 6, completed tasks = 880]
2022-04-27 03:59:29.979  INFO 2556 --- [MessageBroker-3] o.s.w.s.c.WebSocketMessageBrokerStats    : WebSocketSession[0 current WS(0)-HttpStream(0)-HttpPoll(0), 9 total, 0 closed abnormally (0 connect failure, 0 send limit, 1 transport error)], stompSubProtocol[processed CONNECT(9)-CONNECTED(9)-DISCONNECT(0)], stompBrokerRelay[null], inboundChannel[pool size = 3, active threads = 0, queued tasks = 0, completed tasks = 81], outboundChannel[pool size = 1, active threads = 0, queued tasks = 0, completed tasks = 18], sockJsScheduler[pool size = 8, active threads = 4, queued tasks = 2, completed tasks = 1281]
2022-04-27 03:59:30.611  INFO 2556 --- [lettuce-nioEventLoop-4-1] io.lettuce.core.protocol.CommandHandler  : null Unexpected exception during request: java.io.IOException: 远程主机强迫关闭了一个现有的连接。

java.io.IOException: 远程主机强迫关闭了一个现有的连接。
	at sun.nio.ch.SocketDispatcher.read0(Native Method) ~[na:1.8.0_201]
	at sun.nio.ch.SocketDispatcher.read(SocketDispatcher.java:43) ~[na:1.8.0_201]
	at sun.nio.ch.IOUtil.readIntoNativeBuffer(IOUtil.java:223) ~[na:1.8.0_201]
	at sun.nio.ch.IOUtil.read(IOUtil.java:192) ~[na:1.8.0_201]
	at sun.nio.ch.SocketChannelImpl.read(SocketChannelImpl.java:380) ~[na:1.8.0_201]
	at io.netty.buffer.PooledByteBuf.setBytes(PooledByteBuf.java:253) ~[netty-buffer-4.1.65.Final.jar:4.1.65.Final]
	at io.netty.buffer.AbstractByteBuf.writeBytes(AbstractByteBuf.java:1132) ~[netty-buffer-4.1.65.Final.jar:4.1.65.Final]
	at io.netty.channel.socket.nio.NioSocketChannel.doReadBytes(NioSocketChannel.java:350) ~[netty-transport-4.1.65.Final.jar:4.1.65.Final]
	at io.netty.channel.nio.AbstractNioByteChannel$NioByteUnsafe.read(AbstractNioByteChannel.java:151) ~[netty-transport-4.1.65.Final.jar:4.1.65.Final]
	at io.netty.channel.nio.NioEventLoop.processSelectedKey(NioEventLoop.java:719) [netty-transport-4.1.65.Final.jar:4.1.65.Final]
	at io.netty.channel.nio.NioEventLoop.processSelectedKeysOptimized(NioEventLoop.java:655) [netty-transport-4.1.65.Final.jar:4.1.65.Final]
	at io.netty.channel.nio.NioEventLoop.processSelectedKeys(NioEventLoop.java:581) [netty-transport-4.1.65.Final.jar:4.1.65.Final]
	at io.netty.channel.nio.NioEventLoop.run(NioEventLoop.java:493) [netty-transport-4.1.65.Final.jar:4.1.65.Final]
	at io.netty.util.concurrent.SingleThreadEventExecutor$4.run(SingleThreadEventExecutor.java:989) [netty-common-4.1.65.Final.jar:4.1.65.Final]
	at io.netty.util.internal.ThreadExecutorMap$2.run(ThreadExecutorMap.java:74) [netty-common-4.1.65.Final.jar:4.1.65.Final]
	at io.netty.util.concurrent.FastThreadLocalRunnable.run(FastThreadLocalRunnable.java:30) [netty-common-4.1.65.Final.jar:4.1.65.Final]
	at java.lang.Thread.run(Thread.java:748) [na:1.8.0_201]

2022-04-27 03:59:30.642  INFO 2556 --- [MessageBroker-2] c.e.rbac.handler.MyMetaObjectHandler     : update fill
2022-04-27 03:59:30.732  INFO 2556 --- [lettuce-eventExecutorLoop-1-2] i.l.core.protocol.ConnectionWatchdog     : Reconnecting, last destination was /47.100.78.245:6379
2022-04-27 03:59:30.779  WARN 2556 --- [lettuce-nioEventLoop-4-2] i.l.core.protocol.ConnectionWatchdog     : Cannot reconnect to [47.100.78.245:6379]: No route to host: no further information: /47.100.78.245:6379

io.netty.channel.AbstractChannel$AnnotatedNoRouteToHostException: No route to host: no further information: /47.100.78.245:6379
Caused by: java.net.NoRouteToHostException: No route to host: no further information
	at sun.nio.ch.SocketChannelImpl.checkConnect(Native Method) ~[na:1.8.0_201]
	at sun.nio.ch.SocketChannelImpl.finishConnect(SocketChannelImpl.java:717) ~[na:1.8.0_201]
	at io.netty.channel.socket.nio.NioSocketChannel.doFinishConnect(NioSocketChannel.java:330) ~[netty-transport-4.1.65.Final.jar:4.1.65.Final]
	at io.netty.channel.nio.AbstractNioChannel$AbstractNioUnsafe.finishConnect(AbstractNioChannel.java:334) ~[netty-transport-4.1.65.Final.jar:4.1.65.Final]
	at io.netty.channel.nio.NioEventLoop.processSelectedKey(NioEventLoop.java:707) ~[netty-transport-4.1.65.Final.jar:4.1.65.Final]
	at io.netty.channel.nio.NioEventLoop.processSelectedKeysOptimized(NioEventLoop.java:655) ~[netty-transport-4.1.65.Final.jar:4.1.65.Final]
	at io.netty.channel.nio.NioEventLoop.processSelectedKeys(NioEventLoop.java:581) ~[netty-transport-4.1.65.Final.jar:4.1.65.Final]
	at io.netty.channel.nio.NioEventLoop.run(NioEventLoop.java:493) ~[netty-transport-4.1.65.Final.jar:4.1.65.Final]
	at io.netty.util.concurrent.SingleThreadEventExecutor$4.run(SingleThreadEventExecutor.java:989) ~[netty-common-4.1.65.Final.jar:4.1.65.Final]
	at io.netty.util.internal.ThreadExecutorMap$2.run(ThreadExecutorMap.java:74) ~[netty-common-4.1.65.Final.jar:4.1.65.Final]
	at io.netty.util.concurrent.FastThreadLocalRunnable.run(FastThreadLocalRunnable.java:30) ~[netty-common-4.1.65.Final.jar:4.1.65.Final]
	at java.lang.Thread.run(Thread.java:748) ~[na:1.8.0_201]

2022-04-27 03:59:30.928  INFO 2556 --- [MessageBroker-2] c.e.rbac.handler.MyMetaObjectHandler     : update fill
2022-04-27 03:59:31.007  INFO 2556 --- [MessageBroker-2] c.e.rbac.handler.MyMetaObjectHandler     : update fill
2022-04-27 03:59:31.085  INFO 2556 --- [MessageBroker-2] c.e.rbac.handler.MyMetaObjectHandler     : update fill
2022-04-27 03:59:31.163  INFO 2556 --- [MessageBroker-2] c.e.rbac.handler.MyMetaObjectHandler     : update fill
2022-04-27 03:59:31.228  INFO 2556 --- [MessageBroker-2] c.e.rbac.handler.MyMetaObjectHandler     : update fill
2022-04-27 03:59:31.275  INFO 2556 --- [MessageBroker-2] c.e.rbac.handler.MyMetaObjectHandler     : update fill
2022-04-27 03:59:31.337  INFO 2556 --- [MessageBroker-2] c.e.rbac.handler.MyMetaObjectHandler     : update fill
2022-04-27 03:59:31.400  INFO 2556 --- [MessageBroker-2] c.e.rbac.handler.MyMetaObjectHandler     : update fill
2022-04-27 08:48:00.671  INFO 2556 --- [lettuce-eventExecutorLoop-1-4] i.l.core.protocol.ConnectionWatchdog     : Reconnecting, last destination was 47.100.78.245:6379
2022-04-27 08:48:00.974  WARN 2556 --- [lettuce-nioEventLoop-4-4] i.l.core.protocol.ConnectionWatchdog     : Cannot reconnect to [47.100.78.245:6379]: No route to host: no further information: /47.100.78.245:6379

io.netty.channel.AbstractChannel$AnnotatedNoRouteToHostException: No route to host: no further information: /47.100.78.245:6379
Caused by: java.net.NoRouteToHostException: No route to host: no further information
	at sun.nio.ch.SocketChannelImpl.checkConnect(Native Method) ~[na:1.8.0_201]
	at sun.nio.ch.SocketChannelImpl.finishConnect(SocketChannelImpl.java:717) ~[na:1.8.0_201]
	at io.netty.channel.socket.nio.NioSocketChannel.doFinishConnect(NioSocketChannel.java:330) ~[netty-transport-4.1.65.Final.jar:4.1.65.Final]
	at io.netty.channel.nio.AbstractNioChannel$AbstractNioUnsafe.finishConnect(AbstractNioChannel.java:334) ~[netty-transport-4.1.65.Final.jar:4.1.65.Final]
	at io.netty.channel.nio.NioEventLoop.processSelectedKey(NioEventLoop.java:707) ~[netty-transport-4.1.65.Final.jar:4.1.65.Final]
	at io.netty.channel.nio.NioEventLoop.processSelectedKeysOptimized(NioEventLoop.java:655) ~[netty-transport-4.1.65.Final.jar:4.1.65.Final]
	at io.netty.channel.nio.NioEventLoop.processSelectedKeys(NioEventLoop.java:581) ~[netty-transport-4.1.65.Final.jar:4.1.65.Final]
	at io.netty.channel.nio.NioEventLoop.run(NioEventLoop.java:493) ~[netty-transport-4.1.65.Final.jar:4.1.65.Final]
	at io.netty.util.concurrent.SingleThreadEventExecutor$4.run(SingleThreadEventExecutor.java:989) ~[netty-common-4.1.65.Final.jar:4.1.65.Final]
	at io.netty.util.internal.ThreadExecutorMap$2.run(ThreadExecutorMap.java:74) ~[netty-common-4.1.65.Final.jar:4.1.65.Final]
	at io.netty.util.concurrent.FastThreadLocalRunnable.run(FastThreadLocalRunnable.java:30) ~[netty-common-4.1.65.Final.jar:4.1.65.Final]
	at java.lang.Thread.run(Thread.java:748) ~[na:1.8.0_201]

2022-04-27 08:48:01.218  INFO 2556 --- [MessageBroker-8] o.s.w.s.c.WebSocketMessageBrokerStats    : WebSocketSession[0 current WS(0)-HttpStream(0)-HttpPoll(0), 9 total, 0 closed abnormally (0 connect failure, 0 send limit, 1 transport error)], stompSubProtocol[processed CONNECT(9)-CONNECTED(9)-DISCONNECT(0)], stompBrokerRelay[null], inboundChannel[pool size = 3, active threads = 0, queued tasks = 0, completed tasks = 81], outboundChannel[pool size = 1, active threads = 0, queued tasks = 0, completed tasks = 18], sockJsScheduler[pool size = 8, active threads = 3, queued tasks = 3, completed tasks = 3799]
2022-04-27 08:48:01.681  INFO 2556 --- [MessageBroker-2] c.e.rbac.handler.MyMetaObjectHandler     : update fill
2022-04-27 08:48:01.728  INFO 2556 --- [MessageBroker-2] c.e.rbac.handler.MyMetaObjectHandler     : update fill
2022-04-27 08:48:01.776  INFO 2556 --- [MessageBroker-2] c.e.rbac.handler.MyMetaObjectHandler     : update fill
2022-04-27 08:48:01.823  INFO 2556 --- [MessageBroker-2] c.e.rbac.handler.MyMetaObjectHandler     : update fill
2022-04-27 08:48:01.875  INFO 2556 --- [MessageBroker-2] c.e.rbac.handler.MyMetaObjectHandler     : update fill
2022-04-27 08:48:01.990  INFO 2556 --- [MessageBroker-2] c.e.rbac.handler.MyMetaObjectHandler     : update fill
2022-04-27 08:48:02.161  INFO 2556 --- [MessageBroker-2] c.e.rbac.handler.MyMetaObjectHandler     : update fill
2022-04-27 08:48:02.208  INFO 2556 --- [MessageBroker-2] c.e.rbac.handler.MyMetaObjectHandler     : update fill
2022-04-27 08:48:02.257  INFO 2556 --- [MessageBroker-2] c.e.rbac.handler.MyMetaObjectHandler     : update fill
2022-04-27 08:48:02.307  INFO 2556 --- [MessageBroker-2] c.e.rbac.handler.MyMetaObjectHandler     : update fill
2022-04-27 08:48:02.375  INFO 2556 --- [MessageBroker-2] c.e.rbac.handler.MyMetaObjectHandler     : update fill
2022-04-27 08:48:02.438  INFO 2556 --- [MessageBroker-2] c.e.rbac.handler.MyMetaObjectHandler     : update fill
2022-04-27 08:48:02.540  INFO 2556 --- [MessageBroker-2] c.e.rbac.handler.MyMetaObjectHandler     : update fill
2022-04-27 08:48:02.603  INFO 2556 --- [MessageBroker-2] c.e.rbac.handler.MyMetaObjectHandler     : update fill
2022-04-27 08:48:02.681  INFO 2556 --- [MessageBroker-2] c.e.rbac.handler.MyMetaObjectHandler     : update fill
2022-04-27 08:48:02.760  INFO 2556 --- [MessageBroker-2] c.e.rbac.handler.MyMetaObjectHandler     : update fill
2022-04-27 08:48:02.838  INFO 2556 --- [MessageBroker-2] c.e.rbac.handler.MyMetaObjectHandler     : update fill
2022-04-27 08:48:02.932  INFO 2556 --- [MessageBroker-2] c.e.rbac.handler.MyMetaObjectHandler     : update fill
2022-04-27 08:48:03.073  INFO 2556 --- [MessageBroker-2] c.e.rbac.handler.MyMetaObjectHandler     : update fill
2022-04-27 08:48:03.136  INFO 2556 --- [MessageBroker-2] c.e.rbac.handler.MyMetaObjectHandler     : update fill
2022-04-27 08:48:03.308  INFO 2556 --- [MessageBroker-2] c.e.rbac.handler.MyMetaObjectHandler     : update fill
2022-04-27 08:48:03.371  INFO 2556 --- [MessageBroker-2] c.e.rbac.handler.MyMetaObjectHandler     : update fill
2022-04-27 08:48:03.426  INFO 2556 --- [MessageBroker-2] c.e.rbac.handler.MyMetaObjectHandler     : update fill
2022-04-27 08:48:03.481  INFO 2556 --- [MessageBroker-2] c.e.rbac.handler.MyMetaObjectHandler     : update fill
2022-04-27 08:48:03.528  INFO 2556 --- [MessageBroker-2] c.e.rbac.handler.MyMetaObjectHandler     : update fill
2022-04-27 08:48:03.575  INFO 2556 --- [MessageBroker-2] c.e.rbac.handler.MyMetaObjectHandler     : update fill
2022-04-27 08:48:03.626  INFO 2556 --- [MessageBroker-2] c.e.rbac.handler.MyMetaObjectHandler     : update fill
2022-04-27 08:48:03.669  INFO 2556 --- [MessageBroker-2] c.e.rbac.handler.MyMetaObjectHandler     : update fill
2022-04-27 08:48:03.732  INFO 2556 --- [MessageBroker-2] c.e.rbac.handler.MyMetaObjectHandler     : update fill
2022-04-27 08:48:03.779  INFO 2556 --- [MessageBroker-2] c.e.rbac.handler.MyMetaObjectHandler     : update fill
2022-04-27 08:48:03.873  INFO 2556 --- [MessageBroker-2] c.e.rbac.handler.MyMetaObjectHandler     : update fill
2022-04-27 08:48:03.968  INFO 2556 --- [MessageBroker-2] c.e.rbac.handler.MyMetaObjectHandler     : update fill
2022-04-27 08:48:04.046  INFO 2556 --- [MessageBroker-2] c.e.rbac.handler.MyMetaObjectHandler     : update fill
2022-04-27 08:48:04.093  INFO 2556 --- [MessageBroker-2] c.e.rbac.handler.MyMetaObjectHandler     : update fill
2022-04-27 08:48:04.140  INFO 2556 --- [MessageBroker-2] c.e.rbac.handler.MyMetaObjectHandler     : update fill
2022-04-27 08:48:04.376  INFO 2556 --- [MessageBroker-2] c.e.rbac.handler.MyMetaObjectHandler     : update fill
2022-04-27 08:48:04.524  INFO 2556 --- [MessageBroker-2] c.e.rbac.handler.MyMetaObjectHandler     : update fill
2022-04-27 08:48:04.597  INFO 2556 --- [MessageBroker-2] c.e.rbac.handler.MyMetaObjectHandler     : update fill
2022-04-27 08:48:04.644  INFO 2556 --- [MessageBroker-2] c.e.rbac.handler.MyMetaObjectHandler     : update fill
2022-04-27 08:48:04.691  INFO 2556 --- [MessageBroker-2] c.e.rbac.handler.MyMetaObjectHandler     : update fill
2022-04-27 08:48:04.738  INFO 2556 --- [MessageBroker-2] c.e.rbac.handler.MyMetaObjectHandler     : update fill
2022-04-27 08:48:04.801  INFO 2556 --- [MessageBroker-2] c.e.rbac.handler.MyMetaObjectHandler     : update fill
2022-04-27 08:48:04.848  INFO 2556 --- [MessageBroker-2] c.e.rbac.handler.MyMetaObjectHandler     : update fill
2022-04-27 08:48:04.895  INFO 2556 --- [MessageBroker-2] c.e.rbac.handler.MyMetaObjectHandler     : update fill
2022-04-27 08:48:04.942  INFO 2556 --- [MessageBroker-2] c.e.rbac.handler.MyMetaObjectHandler     : update fill
2022-04-27 08:48:04.989  INFO 2556 --- [MessageBroker-2] c.e.rbac.handler.MyMetaObjectHandler     : update fill
2022-04-27 08:48:05.036  INFO 2556 --- [MessageBroker-2] c.e.rbac.handler.MyMetaObjectHandler     : update fill
2022-04-27 08:48:05.083  INFO 2556 --- [MessageBroker-2] c.e.rbac.handler.MyMetaObjectHandler     : update fill
2022-04-27 08:48:05.130  INFO 2556 --- [MessageBroker-2] c.e.rbac.handler.MyMetaObjectHandler     : update fill
2022-04-27 08:48:05.177  INFO 2556 --- [MessageBroker-2] c.e.rbac.handler.MyMetaObjectHandler     : update fill
2022-04-27 08:48:05.271  INFO 2556 --- [MessageBroker-2] c.e.rbac.handler.MyMetaObjectHandler     : update fill
2022-04-27 08:48:05.318  INFO 2556 --- [MessageBroker-2] c.e.rbac.handler.MyMetaObjectHandler     : update fill
2022-04-27 08:48:05.365  INFO 2556 --- [MessageBroker-2] c.e.rbac.handler.MyMetaObjectHandler     : update fill
2022-04-27 08:48:05.413  INFO 2556 --- [MessageBroker-2] c.e.rbac.handler.MyMetaObjectHandler     : update fill
2022-04-27 08:48:05.460  INFO 2556 --- [MessageBroker-2] c.e.rbac.handler.MyMetaObjectHandler     : update fill
2022-04-27 08:48:05.508  INFO 2556 --- [MessageBroker-2] c.e.rbac.handler.MyMetaObjectHandler     : update fill
2022-04-27 08:48:05.548  INFO 2556 --- [MessageBroker-2] c.e.rbac.handler.MyMetaObjectHandler     : update fill
2022-04-27 08:48:05.610  INFO 2556 --- [MessageBroker-2] c.e.rbac.handler.MyMetaObjectHandler     : update fill
2022-04-27 08:48:05.704  INFO 2556 --- [MessageBroker-2] c.e.rbac.handler.MyMetaObjectHandler     : update fill
2022-04-27 08:48:05.767  INFO 2556 --- [MessageBroker-2] c.e.rbac.handler.MyMetaObjectHandler     : update fill
2022-04-27 08:48:05.813  INFO 2556 --- [MessageBroker-2] c.e.rbac.handler.MyMetaObjectHandler     : update fill
2022-04-27 08:48:05.861  INFO 2556 --- [MessageBroker-2] c.e.rbac.handler.MyMetaObjectHandler     : update fill
2022-04-27 08:48:05.908  INFO 2556 --- [MessageBroker-2] c.e.rbac.handler.MyMetaObjectHandler     : update fill
2022-04-27 08:48:05.955  INFO 2556 --- [MessageBroker-2] c.e.rbac.handler.MyMetaObjectHandler     : update fill
2022-04-27 08:48:06.002  INFO 2556 --- [MessageBroker-2] c.e.rbac.handler.MyMetaObjectHandler     : update fill
2022-04-27 08:48:06.056  INFO 2556 --- [MessageBroker-2] c.e.rbac.handler.MyMetaObjectHandler     : update fill
2022-04-27 08:48:06.103  INFO 2556 --- [MessageBroker-2] c.e.rbac.handler.MyMetaObjectHandler     : update fill
2022-04-27 08:48:06.151  INFO 2556 --- [MessageBroker-2] c.e.rbac.handler.MyMetaObjectHandler     : update fill
2022-04-27 08:48:06.197  INFO 2556 --- [MessageBroker-2] c.e.rbac.handler.MyMetaObjectHandler     : update fill
2022-04-27 08:48:06.245  INFO 2556 --- [MessageBroker-2] c.e.rbac.handler.MyMetaObjectHandler     : update fill
2022-04-27 08:48:06.292  INFO 2556 --- [MessageBroker-2] c.e.rbac.handler.MyMetaObjectHandler     : update fill
2022-04-27 08:48:06.339  INFO 2556 --- [MessageBroker-2] c.e.rbac.handler.MyMetaObjectHandler     : update fill
2022-04-27 08:48:06.385  INFO 2556 --- [MessageBroker-2] c.e.rbac.handler.MyMetaObjectHandler     : update fill
2022-04-27 08:48:06.434  INFO 2556 --- [MessageBroker-2] c.e.rbac.handler.MyMetaObjectHandler     : update fill
2022-04-27 08:48:06.480  INFO 2556 --- [MessageBroker-2] c.e.rbac.handler.MyMetaObjectHandler     : update fill
2022-04-27 08:48:06.527  INFO 2556 --- [MessageBroker-2] c.e.rbac.handler.MyMetaObjectHandler     : update fill
2022-04-27 08:48:06.574  INFO 2556 --- [MessageBroker-2] c.e.rbac.handler.MyMetaObjectHandler     : update fill
2022-04-27 08:48:06.699  INFO 2556 --- [MessageBroker-2] c.e.rbac.handler.MyMetaObjectHandler     : update fill
2022-04-27 08:48:06.778  INFO 2556 --- [MessageBroker-2] c.e.rbac.handler.MyMetaObjectHandler     : update fill
2022-04-27 08:48:06.826  INFO 2556 --- [MessageBroker-2] c.e.rbac.handler.MyMetaObjectHandler     : update fill
2022-04-27 08:48:06.869  INFO 2556 --- [MessageBroker-2] c.e.rbac.handler.MyMetaObjectHandler     : update fill
2022-04-27 08:48:06.931  INFO 2556 --- [MessageBroker-2] c.e.rbac.handler.MyMetaObjectHandler     : update fill
2022-04-27 08:48:06.979  INFO 2556 --- [MessageBroker-2] c.e.rbac.handler.MyMetaObjectHandler     : update fill
2022-04-27 08:48:07.041  INFO 2556 --- [MessageBroker-2] c.e.rbac.handler.MyMetaObjectHandler     : update fill
2022-04-27 08:48:07.073  INFO 2556 --- [MessageBroker-2] c.e.rbac.handler.MyMetaObjectHandler     : update fill
2022-04-27 08:48:07.156  INFO 2556 --- [MessageBroker-2] c.e.rbac.handler.MyMetaObjectHandler     : update fill
2022-04-27 08:48:07.202  INFO 2556 --- [MessageBroker-2] c.e.rbac.handler.MyMetaObjectHandler     : update fill
2022-04-27 08:48:07.250  INFO 2556 --- [MessageBroker-2] c.e.rbac.handler.MyMetaObjectHandler     : update fill
2022-04-27 08:48:07.312  INFO 2556 --- [MessageBroker-2] c.e.rbac.handler.MyMetaObjectHandler     : update fill
2022-04-27 08:48:07.328  INFO 2556 --- [lettuce-eventExecutorLoop-1-1] i.l.core.protocol.ConnectionWatchdog     : Reconnecting, last destination was 47.100.78.245:6379
2022-04-27 08:48:07.375  INFO 2556 --- [MessageBroker-2] c.e.rbac.handler.MyMetaObjectHandler     : update fill
2022-04-27 08:48:17.332  WARN 2556 --- [lettuce-nioEventLoop-4-6] i.l.core.protocol.ConnectionWatchdog     : Cannot reconnect to [47.100.78.245:6379]: connection timed out: /47.100.78.245:6379
2022-04-27 08:48:25.637  INFO 2556 --- [lettuce-eventExecutorLoop-1-4] i.l.core.protocol.ConnectionWatchdog     : Reconnecting, last destination was 47.100.78.245:6379
2022-04-27 08:48:25.741  INFO 2556 --- [lettuce-nioEventLoop-4-7] i.l.core.protocol.ReconnectionHandler    : Reconnected to 47.100.78.245:6379
2022-04-27 09:18:01.303  INFO 2556 --- [MessageBroker-4] o.s.w.s.c.WebSocketMessageBrokerStats    : WebSocketSession[1 current WS(1)-HttpStream(0)-HttpPoll(0), 12 total, 0 closed abnormally (0 connect failure, 0 send limit, 1 transport error)], stompSubProtocol[processed CONNECT(12)-CONNECTED(12)-DISCONNECT(0)], stompBrokerRelay[null], inboundChannel[pool size = 0, active threads = 0, queued tasks = 0, completed tasks = 105], outboundChannel[pool size = 0, active threads = 0, queued tasks = 0, completed tasks = 23], sockJsScheduler[pool size = 8, active threads = 1, queued tasks = 6, completed tasks = 7501]
2022-04-27 09:48:01.308  INFO 2556 --- [MessageBroker-8] o.s.w.s.c.WebSocketMessageBrokerStats    : WebSocketSession[1 current WS(1)-HttpStream(0)-HttpPoll(0), 12 total, 0 closed abnormally (0 connect failure, 0 send limit, 1 transport error)], stompSubProtocol[processed CONNECT(12)-CONNECTED(12)-DISCONNECT(0)], stompBrokerRelay[null], inboundChannel[pool size = 0, active threads = 0, queued tasks = 0, completed tasks = 105], outboundChannel[pool size = 0, active threads = 0, queued tasks = 0, completed tasks = 23], sockJsScheduler[pool size = 8, active threads = 1, queued tasks = 6, completed tasks = 8114]
2022-04-27 10:00:01.634  INFO 2556 --- [MessageBroker-2] c.e.rbac.handler.MyMetaObjectHandler     : update fill
2022-04-27 10:00:01.824  INFO 2556 --- [MessageBroker-2] c.e.rbac.handler.MyMetaObjectHandler     : update fill
2022-04-27 10:00:01.902  INFO 2556 --- [MessageBroker-2] c.e.rbac.handler.MyMetaObjectHandler     : update fill
2022-04-27 10:00:01.934  INFO 2556 --- [MessageBroker-2] c.e.rbac.handler.MyMetaObjectHandler     : update fill
2022-04-27 10:00:01.980  INFO 2556 --- [MessageBroker-2] c.e.rbac.handler.MyMetaObjectHandler     : update fill
2022-04-27 10:00:02.028  INFO 2556 --- [MessageBroker-2] c.e.rbac.handler.MyMetaObjectHandler     : update fill
2022-04-27 10:00:02.074  INFO 2556 --- [MessageBroker-2] c.e.rbac.handler.MyMetaObjectHandler     : update fill
2022-04-27 10:00:02.105  INFO 2556 --- [MessageBroker-2] c.e.rbac.handler.MyMetaObjectHandler     : update fill
2022-04-27 10:00:02.140  INFO 2556 --- [MessageBroker-2] c.e.rbac.handler.MyMetaObjectHandler     : update fill
2022-04-27 10:00:02.172  INFO 2556 --- [MessageBroker-2] c.e.rbac.handler.MyMetaObjectHandler     : update fill
2022-04-27 10:00:02.209  INFO 2556 --- [MessageBroker-2] c.e.rbac.handler.MyMetaObjectHandler     : update fill
2022-04-27 10:00:02.267  INFO 2556 --- [MessageBroker-2] c.e.rbac.handler.MyMetaObjectHandler     : update fill
2022-04-27 10:00:02.393  INFO 2556 --- [MessageBroker-2] c.e.rbac.handler.MyMetaObjectHandler     : update fill
2022-04-27 10:00:02.424  INFO 2556 --- [MessageBroker-2] c.e.rbac.handler.MyMetaObjectHandler     : update fill
2022-04-27 10:00:02.471  INFO 2556 --- [MessageBroker-2] c.e.rbac.handler.MyMetaObjectHandler     : update fill
2022-04-27 10:00:02.518  INFO 2556 --- [MessageBroker-2] c.e.rbac.handler.MyMetaObjectHandler     : update fill
2022-04-27 10:00:02.565  INFO 2556 --- [MessageBroker-2] c.e.rbac.handler.MyMetaObjectHandler     : update fill
2022-04-27 10:00:02.596  INFO 2556 --- [MessageBroker-2] c.e.rbac.handler.MyMetaObjectHandler     : update fill
2022-04-27 10:00:02.643  INFO 2556 --- [MessageBroker-2] c.e.rbac.handler.MyMetaObjectHandler     : update fill
2022-04-27 10:00:02.675  INFO 2556 --- [MessageBroker-2] c.e.rbac.handler.MyMetaObjectHandler     : update fill
2022-04-27 10:00:02.724  INFO 2556 --- [MessageBroker-2] c.e.rbac.handler.MyMetaObjectHandler     : update fill
2022-04-27 10:00:02.756  INFO 2556 --- [MessageBroker-2] c.e.rbac.handler.MyMetaObjectHandler     : update fill
2022-04-27 10:00:02.803  INFO 2556 --- [MessageBroker-2] c.e.rbac.handler.MyMetaObjectHandler     : update fill
2022-04-27 10:00:02.834  INFO 2556 --- [MessageBroker-2] c.e.rbac.handler.MyMetaObjectHandler     : update fill
2022-04-27 10:00:02.880  INFO 2556 --- [MessageBroker-2] c.e.rbac.handler.MyMetaObjectHandler     : update fill
2022-04-27 10:00:02.912  INFO 2556 --- [MessageBroker-2] c.e.rbac.handler.MyMetaObjectHandler     : update fill
2022-04-27 10:00:02.959  INFO 2556 --- [MessageBroker-2] c.e.rbac.handler.MyMetaObjectHandler     : update fill
2022-04-27 10:00:02.990  INFO 2556 --- [MessageBroker-2] c.e.rbac.handler.MyMetaObjectHandler     : update fill
2022-04-27 10:00:03.025  INFO 2556 --- [MessageBroker-2] c.e.rbac.handler.MyMetaObjectHandler     : update fill
2022-04-27 10:00:03.057  INFO 2556 --- [MessageBroker-2] c.e.rbac.handler.MyMetaObjectHandler     : update fill
2022-04-27 10:00:03.103  INFO 2556 --- [MessageBroker-2] c.e.rbac.handler.MyMetaObjectHandler     : update fill
2022-04-27 10:00:03.141  INFO 2556 --- [MessageBroker-2] c.e.rbac.handler.MyMetaObjectHandler     : update fill
2022-04-27 10:00:03.187  INFO 2556 --- [MessageBroker-2] c.e.rbac.handler.MyMetaObjectHandler     : update fill
2022-04-27 10:00:03.219  INFO 2556 --- [MessageBroker-2] c.e.rbac.handler.MyMetaObjectHandler     : update fill
2022-04-27 10:00:03.250  INFO 2556 --- [MessageBroker-2] c.e.rbac.handler.MyMetaObjectHandler     : update fill
2022-04-27 10:00:03.297  INFO 2556 --- [MessageBroker-2] c.e.rbac.handler.MyMetaObjectHandler     : update fill
2022-04-27 10:00:03.328  INFO 2556 --- [MessageBroker-2] c.e.rbac.handler.MyMetaObjectHandler     : update fill
2022-04-27 10:00:03.359  INFO 2556 --- [MessageBroker-2] c.e.rbac.handler.MyMetaObjectHandler     : update fill
2022-04-27 10:00:03.421  INFO 2556 --- [MessageBroker-2] c.e.rbac.handler.MyMetaObjectHandler     : update fill
2022-04-27 10:00:03.453  INFO 2556 --- [MessageBroker-2] c.e.rbac.handler.MyMetaObjectHandler     : update fill
2022-04-27 10:00:03.500  INFO 2556 --- [MessageBroker-2] c.e.rbac.handler.MyMetaObjectHandler     : update fill
2022-04-27 10:00:03.531  INFO 2556 --- [MessageBroker-2] c.e.rbac.handler.MyMetaObjectHandler     : update fill
2022-04-27 10:00:03.563  INFO 2556 --- [MessageBroker-2] c.e.rbac.handler.MyMetaObjectHandler     : update fill
2022-04-27 10:00:03.594  INFO 2556 --- [MessageBroker-2] c.e.rbac.handler.MyMetaObjectHandler     : update fill
2022-04-27 10:00:03.656  INFO 2556 --- [MessageBroker-2] c.e.rbac.handler.MyMetaObjectHandler     : update fill
2022-04-27 10:00:03.687  INFO 2556 --- [MessageBroker-2] c.e.rbac.handler.MyMetaObjectHandler     : update fill
2022-04-27 10:00:03.722  INFO 2556 --- [MessageBroker-2] c.e.rbac.handler.MyMetaObjectHandler     : update fill
2022-04-27 10:00:03.756  INFO 2556 --- [MessageBroker-2] c.e.rbac.handler.MyMetaObjectHandler     : update fill
2022-04-27 10:00:03.787  INFO 2556 --- [MessageBroker-2] c.e.rbac.handler.MyMetaObjectHandler     : update fill
2022-04-27 10:00:03.834  INFO 2556 --- [MessageBroker-2] c.e.rbac.handler.MyMetaObjectHandler     : update fill
2022-04-27 10:00:03.881  INFO 2556 --- [MessageBroker-2] c.e.rbac.handler.MyMetaObjectHandler     : update fill
2022-04-27 10:00:03.912  INFO 2556 --- [MessageBroker-2] c.e.rbac.handler.MyMetaObjectHandler     : update fill
2022-04-27 10:00:03.943  INFO 2556 --- [MessageBroker-2] c.e.rbac.handler.MyMetaObjectHandler     : update fill
2022-04-27 10:00:03.975  INFO 2556 --- [MessageBroker-2] c.e.rbac.handler.MyMetaObjectHandler     : update fill
2022-04-27 10:00:04.006  INFO 2556 --- [MessageBroker-2] c.e.rbac.handler.MyMetaObjectHandler     : update fill
2022-04-27 10:00:04.056  INFO 2556 --- [MessageBroker-2] c.e.rbac.handler.MyMetaObjectHandler     : update fill
2022-04-27 10:00:04.087  INFO 2556 --- [MessageBroker-2] c.e.rbac.handler.MyMetaObjectHandler     : update fill
2022-04-27 10:00:04.119  INFO 2556 --- [MessageBroker-2] c.e.rbac.handler.MyMetaObjectHandler     : update fill
2022-04-27 10:00:04.150  INFO 2556 --- [MessageBroker-2] c.e.rbac.handler.MyMetaObjectHandler     : update fill
2022-04-27 10:00:04.196  INFO 2556 --- [MessageBroker-2] c.e.rbac.handler.MyMetaObjectHandler     : update fill
2022-04-27 10:00:04.228  INFO 2556 --- [MessageBroker-2] c.e.rbac.handler.MyMetaObjectHandler     : update fill
2022-04-27 10:00:04.274  INFO 2556 --- [MessageBroker-2] c.e.rbac.handler.MyMetaObjectHandler     : update fill
2022-04-27 10:00:04.306  INFO 2556 --- [MessageBroker-2] c.e.rbac.handler.MyMetaObjectHandler     : update fill
2022-04-27 10:00:04.340  INFO 2556 --- [MessageBroker-2] c.e.rbac.handler.MyMetaObjectHandler     : update fill
2022-04-27 10:00:04.371  INFO 2556 --- [MessageBroker-2] c.e.rbac.handler.MyMetaObjectHandler     : update fill
2022-04-27 10:00:04.418  INFO 2556 --- [MessageBroker-2] c.e.rbac.handler.MyMetaObjectHandler     : update fill
2022-04-27 10:00:04.449  INFO 2556 --- [MessageBroker-2] c.e.rbac.handler.MyMetaObjectHandler     : update fill
2022-04-27 10:00:04.496  INFO 2556 --- [MessageBroker-2] c.e.rbac.handler.MyMetaObjectHandler     : update fill
2022-04-27 10:00:04.543  INFO 2556 --- [MessageBroker-2] c.e.rbac.handler.MyMetaObjectHandler     : update fill
2022-04-27 10:00:04.575  INFO 2556 --- [MessageBroker-2] c.e.rbac.handler.MyMetaObjectHandler     : update fill
2022-04-27 10:00:04.606  INFO 2556 --- [MessageBroker-2] c.e.rbac.handler.MyMetaObjectHandler     : update fill
2022-04-27 10:00:04.640  INFO 2556 --- [MessageBroker-2] c.e.rbac.handler.MyMetaObjectHandler     : update fill
2022-04-27 10:00:04.687  INFO 2556 --- [MessageBroker-2] c.e.rbac.handler.MyMetaObjectHandler     : update fill
2022-04-27 10:00:04.733  INFO 2556 --- [MessageBroker-2] c.e.rbac.handler.MyMetaObjectHandler     : update fill
2022-04-27 10:00:04.780  INFO 2556 --- [MessageBroker-2] c.e.rbac.handler.MyMetaObjectHandler     : update fill
2022-04-27 10:00:04.811  INFO 2556 --- [MessageBroker-2] c.e.rbac.handler.MyMetaObjectHandler     : update fill
2022-04-27 10:00:04.843  INFO 2556 --- [MessageBroker-2] c.e.rbac.handler.MyMetaObjectHandler     : update fill
2022-04-27 10:00:04.874  INFO 2556 --- [MessageBroker-2] c.e.rbac.handler.MyMetaObjectHandler     : update fill
2022-04-27 10:00:04.924  INFO 2556 --- [MessageBroker-2] c.e.rbac.handler.MyMetaObjectHandler     : update fill
2022-04-27 10:00:04.955  INFO 2556 --- [MessageBroker-2] c.e.rbac.handler.MyMetaObjectHandler     : update fill
2022-04-27 10:00:04.986  INFO 2556 --- [MessageBroker-2] c.e.rbac.handler.MyMetaObjectHandler     : update fill
2022-04-27 10:00:05.033  INFO 2556 --- [MessageBroker-2] c.e.rbac.handler.MyMetaObjectHandler     : update fill
2022-04-27 10:00:05.065  INFO 2556 --- [MessageBroker-2] c.e.rbac.handler.MyMetaObjectHandler     : update fill
2022-04-27 10:00:05.096  INFO 2556 --- [MessageBroker-2] c.e.rbac.handler.MyMetaObjectHandler     : update fill
2022-04-27 10:00:05.127  INFO 2556 --- [MessageBroker-2] c.e.rbac.handler.MyMetaObjectHandler     : update fill
2022-04-27 10:00:05.158  INFO 2556 --- [MessageBroker-2] c.e.rbac.handler.MyMetaObjectHandler     : update fill
2022-04-27 10:00:05.205  INFO 2556 --- [MessageBroker-2] c.e.rbac.handler.MyMetaObjectHandler     : update fill
2022-04-27 10:00:05.240  INFO 2556 --- [MessageBroker-2] c.e.rbac.handler.MyMetaObjectHandler     : update fill
2022-04-27 10:00:05.272  INFO 2556 --- [MessageBroker-2] c.e.rbac.handler.MyMetaObjectHandler     : update fill
2022-04-27 10:00:05.303  INFO 2556 --- [MessageBroker-2] c.e.rbac.handler.MyMetaObjectHandler     : update fill
2022-04-27 10:00:05.349  INFO 2556 --- [MessageBroker-2] c.e.rbac.handler.MyMetaObjectHandler     : update fill
2022-04-27 10:00:05.381  INFO 2556 --- [MessageBroker-2] c.e.rbac.handler.MyMetaObjectHandler     : update fill
2022-04-27 10:00:05.412  INFO 2556 --- [MessageBroker-2] c.e.rbac.handler.MyMetaObjectHandler     : update fill
2022-04-27 10:00:05.443  INFO 2556 --- [MessageBroker-2] c.e.rbac.handler.MyMetaObjectHandler     : update fill
2022-04-27 10:00:05.490  INFO 2556 --- [MessageBroker-2] c.e.rbac.handler.MyMetaObjectHandler     : update fill
2022-04-27 10:00:05.526  INFO 2556 --- [MessageBroker-2] c.e.rbac.handler.MyMetaObjectHandler     : update fill
2022-04-27 10:00:05.557  INFO 2556 --- [MessageBroker-2] c.e.rbac.handler.MyMetaObjectHandler     : update fill
2022-04-27 10:00:05.588  INFO 2556 --- [MessageBroker-2] c.e.rbac.handler.MyMetaObjectHandler     : update fill
2022-04-27 10:00:05.624  INFO 2556 --- [MessageBroker-2] c.e.rbac.handler.MyMetaObjectHandler     : update fill
2022-04-27 10:18:01.312  INFO 2556 --- [MessageBroker-6] o.s.w.s.c.WebSocketMessageBrokerStats    : WebSocketSession[1 current WS(1)-HttpStream(0)-HttpPoll(0), 12 total, 0 closed abnormally (0 connect failure, 0 send limit, 1 transport error)], stompSubProtocol[processed CONNECT(12)-CONNECTED(12)-DISCONNECT(0)], stompBrokerRelay[null], inboundChannel[pool size = 0, active threads = 0, queued tasks = 0, completed tasks = 105], outboundChannel[pool size = 0, active threads = 0, queued tasks = 0, completed tasks = 23], sockJsScheduler[pool size = 8, active threads = 1, queued tasks = 6, completed tasks = 8728]
2022-04-27 10:24:23.465  INFO 2556 --- [http-nio-8081-exec-7] c.e.rbac.handler.MyMetaObjectHandler     : insert fill
2022-04-27 10:24:51.210  INFO 2556 --- [http-nio-8081-exec-8] c.e.rbac.handler.MyMetaObjectHandler     : insert fill
2022-04-27 10:24:53.291  INFO 2556 --- [http-nio-8081-exec-6] c.e.rbac.handler.MyMetaObjectHandler     : insert fill
2022-04-27 10:28:58.931  INFO 2556 --- [http-nio-8081-exec-7] c.e.rbac.handler.MyMetaObjectHandler     : insert fill
2022-04-27 10:48:01.314  INFO 2556 --- [MessageBroker-2] o.s.w.s.c.WebSocketMessageBrokerStats    : WebSocketSession[2 current WS(2)-HttpStream(0)-HttpPoll(0), 15 total, 0 closed abnormally (0 connect failure, 0 send limit, 1 transport error)], stompSubProtocol[processed CONNECT(15)-CONNECTED(15)-DISCONNECT(0)], stompBrokerRelay[null], inboundChannel[pool size = 0, active threads = 0, queued tasks = 0, completed tasks = 126], outboundChannel[pool size = 0, active threads = 0, queued tasks = 0, completed tasks = 28], sockJsScheduler[pool size = 8, active threads = 1, queued tasks = 7, completed tasks = 9385]
2022-04-27 11:18:01.329  INFO 2556 --- [MessageBroker-8] o.s.w.s.c.WebSocketMessageBrokerStats    : WebSocketSession[2 current WS(2)-HttpStream(0)-HttpPoll(0), 15 total, 0 closed abnormally (0 connect failure, 0 send limit, 1 transport error)], stompSubProtocol[processed CONNECT(15)-CONNECTED(15)-DISCONNECT(0)], stompBrokerRelay[null], inboundChannel[pool size = 0, active threads = 0, queued tasks = 0, completed tasks = 126], outboundChannel[pool size = 0, active threads = 0, queued tasks = 0, completed tasks = 28], sockJsScheduler[pool size = 8, active threads = 1, queued tasks = 7, completed tasks = 10070]
