2022-05-03 17:08:46.895  INFO 13364 --- [restartedMain] com.example.rbac.RbacApplication         : Starting RbacApplication using Java 1.8.0_201 on LAPTOP-R2KOJR5Q with PID 13364 (D:\USERPROG\JavaEE\folder\rbac\rbac-server\target\classes started by Lenovo in D:\USERPROG\JavaEE\folder\rbac)
2022-05-03 17:08:46.895  INFO 13364 --- [restartedMain] com.example.rbac.RbacApplication         : No active profile set, falling back to default profiles: default
2022-05-03 17:08:47.004  INFO 13364 --- [restartedMain] .e.DevToolsPropertyDefaultsPostProcessor : Devtools property defaults active! Set 'spring.devtools.add-properties' to 'false' to disable
2022-05-03 17:08:47.004  INFO 13364 --- [restartedMain] .e.DevToolsPropertyDefaultsPostProcessor : For additional web related logging consider setting the 'logging.level.web' property to 'DEBUG'
2022-05-03 17:08:48.114  INFO 13364 --- [restartedMain] .s.d.r.c.RepositoryConfigurationDelegate : Multiple Spring Data modules found, entering strict repository configuration mode!
2022-05-03 17:08:48.114  INFO 13364 --- [restartedMain] .s.d.r.c.RepositoryConfigurationDelegate : Bootstrapping Spring Data Redis repositories in DEFAULT mode.
2022-05-03 17:08:48.145  INFO 13364 --- [restartedMain] .s.d.r.c.RepositoryConfigurationDelegate : Finished Spring Data repository scanning in 26 ms. Found 0 Redis repository interfaces.
2022-05-03 17:08:49.068  INFO 13364 --- [restartedMain] o.s.b.w.embedded.tomcat.TomcatWebServer  : Tomcat initialized with port(s): 8081 (http)
2022-05-03 17:08:49.084  INFO 13364 --- [restartedMain] o.apache.catalina.core.StandardService   : Starting service [Tomcat]
2022-05-03 17:08:49.084  INFO 13364 --- [restartedMain] org.apache.catalina.core.StandardEngine  : Starting Servlet engine: [Apache Tomcat/9.0.48]
2022-05-03 17:08:49.084  INFO 13364 --- [restartedMain] o.a.catalina.core.AprLifecycleListener   : An older version [1.2.23] of the Apache Tomcat Native library is installed, while Tomcat recommends a minimum version of [1.2.30]
2022-05-03 17:08:49.084  INFO 13364 --- [restartedMain] o.a.catalina.core.AprLifecycleListener   : Loaded Apache Tomcat Native library [1.2.23] using APR version [1.7.0].
2022-05-03 17:08:49.084  INFO 13364 --- [restartedMain] o.a.catalina.core.AprLifecycleListener   : APR capabilities: IPv6 [true], sendfile [true], accept filters [false], random [true], UDS [false].
2022-05-03 17:08:49.084  INFO 13364 --- [restartedMain] o.a.catalina.core.AprLifecycleListener   : APR/OpenSSL configuration: useAprConnector [false], useOpenSSL [true]
2022-05-03 17:08:49.224  INFO 13364 --- [restartedMain] o.a.catalina.core.AprLifecycleListener   : OpenSSL successfully initialized [OpenSSL 1.1.1c  28 May 2019]
2022-05-03 17:08:49.318  INFO 13364 --- [restartedMain] o.a.c.c.C.[Tomcat].[localhost].[/]       : Initializing Spring embedded WebApplicationContext
2022-05-03 17:08:49.318  INFO 13364 --- [restartedMain] w.s.c.ServletWebServerApplicationContext : Root WebApplicationContext: initialization completed in 2314 ms
2022-05-03 17:08:49.537  INFO 13364 --- [restartedMain] c.a.d.s.b.a.DruidDataSourceAutoConfigure : Init DruidDataSource
2022-05-03 17:08:49.646  INFO 13364 --- [restartedMain] com.alibaba.druid.pool.DruidDataSource   : {dataSource-1} inited
2022-05-03 17:08:52.384  INFO 13364 --- [restartedMain] pertySourcedRequestMappingHandlerMapping : Mapped URL path [/v2/api-docs] onto method [springfox.documentation.swagger2.web.Swagger2Controller#getDocumentation(String, HttpServletRequest)]
2022-05-03 17:08:52.571  INFO 13364 --- [restartedMain] o.s.b.d.a.OptionalLiveReloadServer       : LiveReload server is running on port 35729
2022-05-03 17:08:53.056  INFO 13364 --- [restartedMain] o.s.s.web.DefaultSecurityFilterChain     : Will secure Ant [pattern='/login'] with []
2022-05-03 17:08:53.056  INFO 13364 --- [restartedMain] o.s.s.web.DefaultSecurityFilterChain     : Will secure Ant [pattern='/logout'] with []
2022-05-03 17:08:53.056  INFO 13364 --- [restartedMain] o.s.s.web.DefaultSecurityFilterChain     : Will secure Ant [pattern='/css/**'] with []
2022-05-03 17:08:53.056  INFO 13364 --- [restartedMain] o.s.s.web.DefaultSecurityFilterChain     : Will secure Ant [pattern='/js/**'] with []
2022-05-03 17:08:53.056  INFO 13364 --- [restartedMain] o.s.s.web.DefaultSecurityFilterChain     : Will secure Ant [pattern='/index.html'] with []
2022-05-03 17:08:53.056  INFO 13364 --- [restartedMain] o.s.s.web.DefaultSecurityFilterChain     : Will secure Ant [pattern='favicon.ico'] with []
2022-05-03 17:08:53.056  INFO 13364 --- [restartedMain] o.s.s.web.DefaultSecurityFilterChain     : Will secure Ant [pattern='/doc.html'] with []
2022-05-03 17:08:53.056  INFO 13364 --- [restartedMain] o.s.s.web.DefaultSecurityFilterChain     : Will secure Ant [pattern='/webjars/**'] with []
2022-05-03 17:08:53.056  INFO 13364 --- [restartedMain] o.s.s.web.DefaultSecurityFilterChain     : Will secure Ant [pattern='/swagger-resources/**'] with []
2022-05-03 17:08:53.056  INFO 13364 --- [restartedMain] o.s.s.web.DefaultSecurityFilterChain     : Will secure Ant [pattern='/v2/api-docs/**'] with []
2022-05-03 17:08:53.056  INFO 13364 --- [restartedMain] o.s.s.web.DefaultSecurityFilterChain     : Will secure Ant [pattern='/captcha'] with []
2022-05-03 17:08:53.056  INFO 13364 --- [restartedMain] o.s.s.web.DefaultSecurityFilterChain     : Will secure Ant [pattern='/ws/**'] with []
2022-05-03 17:08:53.072  INFO 13364 --- [restartedMain] o.s.s.web.DefaultSecurityFilterChain     : Will secure any request with [org.springframework.security.web.context.request.async.WebAsyncManagerIntegrationFilter@7f24de59, org.springframework.security.web.context.SecurityContextPersistenceFilter@37eda100, org.springframework.security.web.header.HeaderWriterFilter@1dfb221, org.springframework.security.web.authentication.logout.LogoutFilter@1df11ed6, com.example.rbac.config.security.component.JwtAuthorizationTokenFilter@554a722f, org.springframework.security.web.session.ConcurrentSessionFilter@4931ded0, org.springframework.security.web.savedrequest.RequestCacheAwareFilter@44109c0c, org.springframework.security.web.servletapi.SecurityContextHolderAwareRequestFilter@37a3a240, org.springframework.security.web.authentication.AnonymousAuthenticationFilter@2d33d73a, org.springframework.security.web.session.SessionManagementFilter@17276a2e, org.springframework.security.web.access.ExceptionTranslationFilter@48ac99ff, org.springframework.security.web.access.intercept.FilterSecurityInterceptor@2a22469e]
2022-05-03 17:08:53.200  INFO 13364 --- [restartedMain] o.s.b.w.embedded.tomcat.TomcatWebServer  : Tomcat started on port(s): 8081 (http) with context path ''
2022-05-03 17:08:53.200  INFO 13364 --- [restartedMain] d.s.w.p.DocumentationPluginsBootstrapper : Context refreshed
2022-05-03 17:08:53.216  INFO 13364 --- [restartedMain] d.s.w.p.DocumentationPluginsBootstrapper : Found 1 custom documentation plugin(s)
