2022-05-02 09:25:59.206  INFO 14644 --- [main] com.example.mail.test                    : Starting test using Java 1.8.0_201 on LAPTOP-R2KOJR5Q with PID 14644 (started by Lenovo in D:\USERPROG\JavaEE\folder\rbac\rbac-mail)
2022-05-02 09:25:59.206  INFO 14644 --- [main] com.example.mail.test                    : No active profile set, falling back to default profiles: default
2022-05-02 09:26:01.596  INFO 14644 --- [main] .s.d.r.c.RepositoryConfigurationDelegate : Multiple Spring Data modules found, entering strict repository configuration mode!
2022-05-02 09:26:01.596  INFO 14644 --- [main] .s.d.r.c.RepositoryConfigurationDelegate : Bootstrapping Spring Data Redis repositories in DEFAULT mode.
2022-05-02 09:26:01.675  INFO 14644 --- [main] .s.d.r.c.RepositoryConfigurationDelegate : Finished Spring Data repository scanning in 7 ms. Found 0 Redis repository interfaces.
2022-05-02 09:26:06.644  INFO 14644 --- [main] .s.s.UserDetailsServiceAutoConfiguration : 

Using generated security password: 5ee7ef85-7e0f-4412-a1fe-53df112bd32f

2022-05-02 09:26:07.100  INFO 14644 --- [main] o.s.s.web.DefaultSecurityFilterChain     : Will secure any request with [org.springframework.security.web.context.request.async.WebAsyncManagerIntegrationFilter@4a2bf50f, org.springframework.security.web.context.SecurityContextPersistenceFilter@261f359f, org.springframework.security.web.header.HeaderWriterFilter@1118d539, org.springframework.security.web.csrf.CsrfFilter@1a2ac487, org.springframework.security.web.authentication.logout.LogoutFilter@6f38f084, org.springframework.security.web.authentication.UsernamePasswordAuthenticationFilter@6b0f266e, org.springframework.security.web.authentication.ui.DefaultLoginPageGeneratingFilter@372f0a99, org.springframework.security.web.authentication.ui.DefaultLogoutPageGeneratingFilter@350323a0, org.springframework.security.web.authentication.www.BasicAuthenticationFilter@1a914089, org.springframework.security.web.savedrequest.RequestCacheAwareFilter@57186526, org.springframework.security.web.servletapi.SecurityContextHolderAwareRequestFilter@6d69a0d3, org.springframework.security.web.authentication.AnonymousAuthenticationFilter@2506b881, org.springframework.security.web.session.SessionManagementFilter@76216830, org.springframework.security.web.access.ExceptionTranslationFilter@492be039, org.springframework.security.web.access.intercept.FilterSecurityInterceptor@10b8b900]
2022-05-02 09:26:07.306  INFO 14644 --- [main] o.s.a.r.c.CachingConnectionFactory       : Attempting to connect to: [47.100.78.245:5672]
2022-05-02 09:26:07.637  INFO 14644 --- [main] o.s.a.r.c.CachingConnectionFactory       : Created new connection: rabbitConnectionFactory#5d66e944:0/SimpleConnection@5403907 [delegate=amqp://admin@47.100.78.245:5672/, localPort= 51672]
2022-05-02 09:26:07.922  INFO 14644 --- [main] com.example.mail.test                    : Started test in 9.475 seconds (JVM running for 12.135)
2022-05-02 09:26:29.360  INFO 14644 --- [SpringApplicationShutdownHook] o.s.a.r.l.SimpleMessageListenerContainer : Waiting for workers to finish.
2022-05-02 09:26:30.137  INFO 14644 --- [SpringApplicationShutdownHook] o.s.a.r.l.SimpleMessageListenerContainer : Successfully waited for workers to finish.
2022-05-02 09:38:26.970  INFO 3600 --- [main] com.example.mail.test                    : Starting test using Java 1.8.0_201 on LAPTOP-R2KOJR5Q with PID 3600 (started by Lenovo in D:\USERPROG\JavaEE\folder\rbac\rbac-mail)
2022-05-02 09:38:26.970  INFO 3600 --- [main] com.example.mail.test                    : No active profile set, falling back to default profiles: default
2022-05-02 09:38:27.876  INFO 3600 --- [main] .s.d.r.c.RepositoryConfigurationDelegate : Multiple Spring Data modules found, entering strict repository configuration mode!
2022-05-02 09:38:27.892  INFO 3600 --- [main] .s.d.r.c.RepositoryConfigurationDelegate : Bootstrapping Spring Data Redis repositories in DEFAULT mode.
2022-05-02 09:38:27.907  INFO 3600 --- [main] .s.d.r.c.RepositoryConfigurationDelegate : Finished Spring Data repository scanning in 6 ms. Found 0 Redis repository interfaces.
2022-05-02 09:38:31.021  INFO 3600 --- [main] .s.s.UserDetailsServiceAutoConfiguration : 

Using generated security password: d7a5b39c-46f0-46c5-8191-49bc364d137d

2022-05-02 09:38:31.389  INFO 3600 --- [main] o.s.s.web.DefaultSecurityFilterChain     : Will secure any request with [org.springframework.security.web.context.request.async.WebAsyncManagerIntegrationFilter@70881123, org.springframework.security.web.context.SecurityContextPersistenceFilter@52abed9d, org.springframework.security.web.header.HeaderWriterFilter@585513a8, org.springframework.security.web.csrf.CsrfFilter@6d5f4900, org.springframework.security.web.authentication.logout.LogoutFilter@611d0763, org.springframework.security.web.authentication.UsernamePasswordAuthenticationFilter@6d294ddc, org.springframework.security.web.authentication.ui.DefaultLoginPageGeneratingFilter@1e226bcd, org.springframework.security.web.authentication.ui.DefaultLogoutPageGeneratingFilter@703fa45, org.springframework.security.web.authentication.www.BasicAuthenticationFilter@53314f76, org.springframework.security.web.savedrequest.RequestCacheAwareFilter@492be039, org.springframework.security.web.servletapi.SecurityContextHolderAwareRequestFilter@7aded903, org.springframework.security.web.authentication.AnonymousAuthenticationFilter@5e905f2c, org.springframework.security.web.session.SessionManagementFilter@30f28b5, org.springframework.security.web.access.ExceptionTranslationFilter@59c43561, org.springframework.security.web.access.intercept.FilterSecurityInterceptor@64656b9e]
2022-05-02 09:38:31.644  INFO 3600 --- [main] o.s.a.r.c.CachingConnectionFactory       : Attempting to connect to: [47.100.78.245:5672]
2022-05-02 09:38:31.960  INFO 3600 --- [main] o.s.a.r.c.CachingConnectionFactory       : Created new connection: rabbitConnectionFactory#f171912:0/SimpleConnection@27e44e9c [delegate=amqp://admin@47.100.78.245:5672/, localPort= 52650]
2022-05-02 09:38:32.401  INFO 3600 --- [main] com.example.mail.test                    : Started test in 6.029 seconds (JVM running for 7.127)
2022-05-02 09:38:56.038  INFO 17060 --- [main] com.example.mail.test                    : Starting test using Java 1.8.0_201 on LAPTOP-R2KOJR5Q with PID 17060 (started by Lenovo in D:\USERPROG\JavaEE\folder\rbac\rbac-mail)
2022-05-02 09:38:56.054  INFO 17060 --- [main] com.example.mail.test                    : No active profile set, falling back to default profiles: default
2022-05-02 09:38:56.866  INFO 17060 --- [main] .s.d.r.c.RepositoryConfigurationDelegate : Multiple Spring Data modules found, entering strict repository configuration mode!
2022-05-02 09:38:56.866  INFO 17060 --- [main] .s.d.r.c.RepositoryConfigurationDelegate : Bootstrapping Spring Data Redis repositories in DEFAULT mode.
2022-05-02 09:38:56.882  INFO 17060 --- [main] .s.d.r.c.RepositoryConfigurationDelegate : Finished Spring Data repository scanning in 5 ms. Found 0 Redis repository interfaces.
2022-05-02 09:38:59.809  INFO 17060 --- [main] .s.s.UserDetailsServiceAutoConfiguration : 

Using generated security password: c556b000-045a-4e98-98bc-97e06514c3b1

2022-05-02 09:39:00.109  INFO 17060 --- [main] o.s.s.web.DefaultSecurityFilterChain     : Will secure any request with [org.springframework.security.web.context.request.async.WebAsyncManagerIntegrationFilter@5d7dd549, org.springframework.security.web.context.SecurityContextPersistenceFilter@391d1e33, org.springframework.security.web.header.HeaderWriterFilter@7aded903, org.springframework.security.web.csrf.CsrfFilter@1ee5632d, org.springframework.security.web.authentication.logout.LogoutFilter@16cf8438, org.springframework.security.web.authentication.UsernamePasswordAuthenticationFilter@62a6674f, org.springframework.security.web.authentication.ui.DefaultLoginPageGeneratingFilter@7c588adc, org.springframework.security.web.authentication.ui.DefaultLogoutPageGeneratingFilter@486bd064, org.springframework.security.web.authentication.www.BasicAuthenticationFilter@350323a0, org.springframework.security.web.savedrequest.RequestCacheAwareFilter@2871ac91, org.springframework.security.web.servletapi.SecurityContextHolderAwareRequestFilter@3fde2209, org.springframework.security.web.authentication.AnonymousAuthenticationFilter@6459f4ea, org.springframework.security.web.session.SessionManagementFilter@261f359f, org.springframework.security.web.access.ExceptionTranslationFilter@601d6622, org.springframework.security.web.access.intercept.FilterSecurityInterceptor@50bc3219]
2022-05-02 09:39:00.338  INFO 17060 --- [main] o.s.a.r.c.CachingConnectionFactory       : Attempting to connect to: [47.100.78.245:5672]
2022-05-02 09:39:00.700  INFO 17060 --- [main] o.s.a.r.c.CachingConnectionFactory       : Created new connection: rabbitConnectionFactory#2f20f7ad:0/SimpleConnection@25a5c8e [delegate=amqp://admin@47.100.78.245:5672/, localPort= 52682]
2022-05-02 09:39:01.022  INFO 17060 --- [main] com.example.mail.test                    : Started test in 5.469 seconds (JVM running for 6.56)
2022-05-02 09:39:21.632  INFO 17060 --- [SpringApplicationShutdownHook] o.s.a.r.l.SimpleMessageListenerContainer : Waiting for workers to finish.
2022-05-02 09:39:22.254  INFO 17060 --- [SpringApplicationShutdownHook] o.s.a.r.l.SimpleMessageListenerContainer : Successfully waited for workers to finish.
2022-05-02 09:42:19.488  INFO 11948 --- [main] com.example.mail.test                    : Starting test using Java 1.8.0_201 on LAPTOP-R2KOJR5Q with PID 11948 (started by Lenovo in D:\USERPROG\JavaEE\folder\rbac\rbac-mail)
2022-05-02 09:42:19.504  INFO 11948 --- [main] com.example.mail.test                    : No active profile set, falling back to default profiles: default
2022-05-02 09:42:20.300  INFO 11948 --- [main] .s.d.r.c.RepositoryConfigurationDelegate : Multiple Spring Data modules found, entering strict repository configuration mode!
2022-05-02 09:42:20.300  INFO 11948 --- [main] .s.d.r.c.RepositoryConfigurationDelegate : Bootstrapping Spring Data Redis repositories in DEFAULT mode.
2022-05-02 09:42:20.316  INFO 11948 --- [main] .s.d.r.c.RepositoryConfigurationDelegate : Finished Spring Data repository scanning in 5 ms. Found 0 Redis repository interfaces.
2022-05-02 09:42:23.268  INFO 11948 --- [main] .s.s.UserDetailsServiceAutoConfiguration : 

Using generated security password: 28e0b0f8-9d10-431d-b837-af15afd945dc

2022-05-02 09:42:23.521  INFO 11948 --- [main] o.s.s.web.DefaultSecurityFilterChain     : Will secure any request with [org.springframework.security.web.context.request.async.WebAsyncManagerIntegrationFilter@5d7dd549, org.springframework.security.web.context.SecurityContextPersistenceFilter@391d1e33, org.springframework.security.web.header.HeaderWriterFilter@7aded903, org.springframework.security.web.csrf.CsrfFilter@1ee5632d, org.springframework.security.web.authentication.logout.LogoutFilter@16cf8438, org.springframework.security.web.authentication.UsernamePasswordAuthenticationFilter@62a6674f, org.springframework.security.web.authentication.ui.DefaultLoginPageGeneratingFilter@7c588adc, org.springframework.security.web.authentication.ui.DefaultLogoutPageGeneratingFilter@486bd064, org.springframework.security.web.authentication.www.BasicAuthenticationFilter@350323a0, org.springframework.security.web.savedrequest.RequestCacheAwareFilter@2871ac91, org.springframework.security.web.servletapi.SecurityContextHolderAwareRequestFilter@3fde2209, org.springframework.security.web.authentication.AnonymousAuthenticationFilter@6459f4ea, org.springframework.security.web.session.SessionManagementFilter@261f359f, org.springframework.security.web.access.ExceptionTranslationFilter@601d6622, org.springframework.security.web.access.intercept.FilterSecurityInterceptor@50bc3219]
2022-05-02 09:42:23.677  INFO 11948 --- [main] o.s.a.r.c.CachingConnectionFactory       : Attempting to connect to: [47.100.78.245:5672]
2022-05-02 09:42:24.087  INFO 11948 --- [main] o.s.a.r.c.CachingConnectionFactory       : Created new connection: rabbitConnectionFactory#2f20f7ad:0/SimpleConnection@25a5c8e [delegate=amqp://admin@47.100.78.245:5672/, localPort= 52891]
2022-05-02 09:42:24.352  INFO 11948 --- [main] com.example.mail.test                    : Started test in 5.387 seconds (JVM running for 6.419)
2022-05-02 09:42:44.978  INFO 11948 --- [SpringApplicationShutdownHook] o.s.a.r.l.SimpleMessageListenerContainer : Waiting for workers to finish.
2022-05-02 09:42:45.647  INFO 11948 --- [SpringApplicationShutdownHook] o.s.a.r.l.SimpleMessageListenerContainer : Successfully waited for workers to finish.
2022-05-02 09:43:17.313  INFO 5336 --- [main] com.example.mail.test                    : Starting test using Java 1.8.0_201 on LAPTOP-R2KOJR5Q with PID 5336 (started by Lenovo in D:\USERPROG\JavaEE\folder\rbac\rbac-mail)
2022-05-02 09:43:17.313  INFO 5336 --- [main] com.example.mail.test                    : No active profile set, falling back to default profiles: default
2022-05-02 09:43:18.188  INFO 5336 --- [main] .s.d.r.c.RepositoryConfigurationDelegate : Multiple Spring Data modules found, entering strict repository configuration mode!
2022-05-02 09:43:18.203  INFO 5336 --- [main] .s.d.r.c.RepositoryConfigurationDelegate : Bootstrapping Spring Data Redis repositories in DEFAULT mode.
2022-05-02 09:43:18.219  INFO 5336 --- [main] .s.d.r.c.RepositoryConfigurationDelegate : Finished Spring Data repository scanning in 7 ms. Found 0 Redis repository interfaces.
2022-05-02 09:43:21.633  INFO 5336 --- [main] .s.s.UserDetailsServiceAutoConfiguration : 

Using generated security password: 21942f97-952a-4fb8-a50d-46c9575c77f2

2022-05-02 09:43:21.896  INFO 5336 --- [main] o.s.s.web.DefaultSecurityFilterChain     : Will secure any request with [org.springframework.security.web.context.request.async.WebAsyncManagerIntegrationFilter@70881123, org.springframework.security.web.context.SecurityContextPersistenceFilter@52abed9d, org.springframework.security.web.header.HeaderWriterFilter@585513a8, org.springframework.security.web.csrf.CsrfFilter@6d5f4900, org.springframework.security.web.authentication.logout.LogoutFilter@611d0763, org.springframework.security.web.authentication.UsernamePasswordAuthenticationFilter@6d294ddc, org.springframework.security.web.authentication.ui.DefaultLoginPageGeneratingFilter@1e226bcd, org.springframework.security.web.authentication.ui.DefaultLogoutPageGeneratingFilter@703fa45, org.springframework.security.web.authentication.www.BasicAuthenticationFilter@53314f76, org.springframework.security.web.savedrequest.RequestCacheAwareFilter@492be039, org.springframework.security.web.servletapi.SecurityContextHolderAwareRequestFilter@7aded903, org.springframework.security.web.authentication.AnonymousAuthenticationFilter@5e905f2c, org.springframework.security.web.session.SessionManagementFilter@30f28b5, org.springframework.security.web.access.ExceptionTranslationFilter@59c43561, org.springframework.security.web.access.intercept.FilterSecurityInterceptor@64656b9e]
2022-05-02 09:43:22.056  INFO 5336 --- [main] o.s.a.r.c.CachingConnectionFactory       : Attempting to connect to: [47.100.78.245:5672]
2022-05-02 09:43:22.320  INFO 5336 --- [main] o.s.a.r.c.CachingConnectionFactory       : Created new connection: rabbitConnectionFactory#f171912:0/SimpleConnection@27e44e9c [delegate=amqp://admin@47.100.78.245:5672/, localPort= 52951]
2022-05-02 09:43:22.575  INFO 5336 --- [main] com.example.mail.test                    : Started test in 5.88 seconds (JVM running for 6.985)
2022-05-02 09:43:42.630  INFO 5336 --- [SpringApplicationShutdownHook] o.s.a.r.l.SimpleMessageListenerContainer : Waiting for workers to finish.
2022-05-02 09:43:42.806  INFO 5336 --- [SpringApplicationShutdownHook] o.s.a.r.l.SimpleMessageListenerContainer : Successfully waited for workers to finish.
